2022-03-30 06:41:56 Loading main app package /usr/lib/obsidian/obsidian.asar
2022-03-30 06:41:57 Checking for update using Github
2022-03-30 06:41:57 Success.
2022-03-30 06:41:57 Latest version is 0.14.2
2022-03-30 06:41:57 Downloading update from https://github.com/obsidianmd/obsidian-releases/releases/download/v0.14.2/obsidian-0.14.2.asar.gz
2022-03-30 06:42:00 Verifying hash & signature. Size= 12048988
2022-03-30 06:42:00 Saving file
2022-03-30 06:42:01 Update complete.
2022-04-02 06:04:25 Loading updated app package /home/kai/.config/obsidian/obsidian-0.14.2.asar
2022-04-02 06:04:26 Checking for update using Github
2022-04-02 06:04:26 Success.
2022-04-02 06:04:26 Latest version is 0.14.2
2022-04-02 06:04:26 App is up to date.
2022-04-06 13:07:24 Loading updated app package /home/kai/.config/obsidian/obsidian-0.14.2.asar
2022-04-06 13:07:25 Checking for update using Github
2022-04-06 13:07:25 Success.
2022-04-06 13:07:25 Latest version is 0.14.2
2022-04-06 13:07:25 App is up to date.
2022-04-06 13:07:39 Loading updated app package /home/kai/.config/obsidian/obsidian-0.14.2.asar
2022-04-06 13:07:40 Checking for update using Github
2022-04-06 13:07:40 Success.
2022-04-06 13:07:40 Latest version is 0.14.2
2022-04-06 13:07:40 App is up to date.
2022-04-06 13:10:08 Loading updated app package /home/kai/.config/obsidian/obsidian-0.14.2.asar
2022-04-06 13:10:08 Checking for update using Github
2022-04-06 13:10:08 Success.
2022-04-06 13:10:08 Latest version is 0.14.2
2022-04-06 13:10:08 App is up to date.
2022-04-06 13:10:10 Loading updated app package /home/kai/.config/obsidian/obsidian-0.14.2.asar
2022-04-06 13:10:10 Checking for update using Github
2022-04-07 05:15:03 Loading updated app package /home/kai/.config/obsidian/obsidian-0.14.2.asar
2022-04-07 05:15:03 Checking for update using Github
2022-04-07 05:15:03 Success.
2022-04-07 05:15:03 Latest version is 0.14.2
2022-04-07 05:15:03 App is up to date.
2022-04-09 06:12:24 Loading updated app package /home/kai/.config/obsidian/obsidian-0.14.2.asar
2022-04-09 06:12:24 Checking for update using Github
2022-04-09 06:12:25 Success.
2022-04-09 06:12:25 Latest version is 0.14.2
2022-04-09 06:12:25 App is up to date.
2022-04-09 23:22:58 Loading updated app package /home/kai/.config/obsidian/obsidian-0.14.2.asar
2022-04-09 23:22:59 Checking for update using Github
2022-04-09 23:22:59 Success.
2022-04-09 23:22:59 Latest version is 0.14.2
2022-04-09 23:22:59 App is up to date.
2022-04-10 12:28:25 Loading updated app package /home/kai/.config/obsidian/obsidian-0.14.2.asar
2022-04-10 12:28:26 Checking for update using Github
2022-04-10 12:28:27 Success.
2022-04-10 12:28:27 Latest version is 0.14.2
2022-04-10 12:28:27 App is up to date.
2022-04-10 14:00:49 Loading updated app package /home/kai/.config/obsidian/obsidian-0.14.2.asar
2022-04-10 14:00:50 Checking for update using Github
2022-04-10 14:00:51 Success.
2022-04-10 14:00:51 Latest version is 0.14.2
2022-04-10 14:00:51 App is up to date.
2022-04-12 07:38:27 Loading updated app package /home/kai/.config/obsidian/obsidian-0.14.2.asar
2022-04-12 07:38:28 Checking for update using Github
2022-04-12 07:38:28 Success.
2022-04-12 07:38:28 Latest version is 0.14.5
2022-04-12 07:38:28 Downloading update from https://github.com/obsidianmd/obsidian-releases/releases/download/v0.14.5/obsidian-0.14.5.asar.gz
2022-04-12 07:38:32 Verifying hash & signature. Size= 5287918
2022-04-12 07:38:32 Saving file
2022-04-12 07:38:33 Update complete.
2022-04-12 07:45:17 Loading updated app package /home/kai/.config/obsidian/obsidian-0.14.5.asar
2022-04-12 07:45:18 Checking for update using Github
2022-04-12 07:45:18 Success.
2022-04-12 07:45:18 Latest version is 0.14.5
2022-04-12 07:45:18 App is up to date.
2022-04-12 08:09:49 Loading updated app package /home/kai/.config/obsidian/obsidian-0.14.5.asar
2022-04-12 08:09:50 Checking for update using Github
2022-04-12 08:09:50 Success.
2022-04-12 08:09:50 Latest version is 0.14.5
2022-04-12 08:09:50 App is up to date.
2022-04-12 10:05:10 Loading updated app package /home/kai/.config/obsidian/obsidian-0.14.5.asar
2022-04-12 10:05:10 Checking for update using Github
2022-04-12 10:05:11 Success.
2022-04-12 10:05:11 Latest version is 0.14.5
2022-04-12 10:05:11 App is up to date.
2022-04-14 08:26:34 Loading updated app package /home/kai/.config/obsidian/obsidian-0.14.5.asar
2022-04-14 08:26:36 Checking for update using Github
2022-04-14 08:26:39 Success.
2022-04-14 08:26:39 Latest version is 0.14.5
2022-04-14 08:26:39 App is up to date.
2022-04-15 06:47:10 Loading updated app package /home/kai/.config/obsidian/obsidian-0.14.5.asar
2022-04-15 06:47:11 Checking for update using Github
2022-04-15 06:47:11 Success.
2022-04-15 06:47:11 Latest version is 0.14.5
2022-04-15 06:47:11 App is up to date.
2022-04-15 06:49:56 Loading updated app package /home/kai/.config/obsidian/obsidian-0.14.5.asar
2022-04-15 06:49:56 Checking for update using Github
2022-04-15 06:49:56 Success.
2022-04-15 06:49:56 Latest version is 0.14.5
2022-04-15 06:49:56 App is up to date.
2022-04-15 06:51:14 Loading updated app package /home/kai/.config/obsidian/obsidian-0.14.5.asar
2022-04-15 06:51:15 Checking for update using Github
2022-04-15 06:51:15 Success.
2022-04-15 06:51:15 Latest version is 0.14.5
2022-04-15 06:51:15 App is up to date.
2022-04-15 10:22:45 Loading updated app package /home/kai/.config/obsidian/obsidian-0.14.5.asar
2022-04-15 10:22:45 Checking for update using Github
2022-04-15 10:22:45 Success.
2022-04-15 10:22:45 Latest version is 0.14.5
2022-04-15 10:22:45 App is up to date.
2022-04-15 11:38:10 Loading updated app package /home/kai/.config/obsidian/obsidian-0.14.5.asar
2022-04-15 11:38:10 Checking for update using Github
2022-04-15 11:38:11 Success.
2022-04-15 11:38:11 Latest version is 0.14.5
2022-04-15 11:38:11 App is up to date.
2022-04-15 11:56:05 Loading updated app package /home/kai/.config/obsidian/obsidian-0.14.5.asar
2022-04-15 11:56:06 Checking for update using Github
2022-04-15 11:56:06 Success.
2022-04-15 11:56:06 Latest version is 0.14.5
2022-04-15 11:56:06 App is up to date.
2022-04-16 05:07:33 Loading updated app package /home/kai/.config/obsidian/obsidian-0.14.5.asar
2022-04-16 05:07:36 Checking for update using Github
2022-04-16 05:07:37 Success.
2022-04-16 05:07:37 Latest version is 0.14.5
2022-04-16 05:07:37 App is up to date.
2022-04-18 03:20:18 Loading updated app package /home/kai/.config/obsidian/obsidian-0.14.5.asar
2022-04-18 03:20:19 Checking for update using Github
2022-04-18 03:20:21 Success.
2022-04-18 03:20:21 Latest version is 0.14.5
2022-04-18 03:20:21 App is up to date.
2022-05-01 09:56:20 Loading main app package /usr/lib/obsidian/obsidian.asar
2022-05-01 09:56:20 Checking for update using Github
2022-05-01 09:56:21 Success.
2022-05-01 09:56:21 Latest version is 0.14.6
2022-05-01 09:56:21 App is up to date.
2022-05-01 10:03:11 Loading main app package /usr/lib/obsidian/obsidian.asar
2022-05-01 10:03:11 Checking for update using Github
2022-05-01 10:03:11 Success.
2022-05-01 10:03:11 Latest version is 0.14.6
2022-05-01 10:03:11 App is up to date.
2022-05-01 10:31:47 Loading main app package /usr/lib/obsidian/obsidian.asar
2022-05-01 10:31:47 Checking for update using Github
2022-05-01 10:31:48 Success.
2022-05-01 10:31:48 Latest version is 0.14.6
2022-05-01 10:31:48 App is up to date.
2022-05-01 14:40:47 Loading main app package /usr/lib/obsidian/obsidian.asar
2022-05-01 14:40:48 Checking for update using Github
2022-05-01 14:40:48 Success.
2022-05-01 14:40:48 Latest version is 0.14.6
2022-05-01 14:40:48 App is up to date.
2022-05-01 14:47:59 Loading main app package /usr/lib/obsidian/obsidian.asar
2022-05-01 14:47:59 Checking for update using Github
2022-05-01 14:48:00 Success.
2022-05-01 14:48:00 Latest version is 0.14.6
2022-05-01 14:48:00 App is up to date.
2022-05-02 05:53:40 Loading main app package /usr/lib/obsidian/obsidian.asar
2022-05-02 05:53:41 Checking for update using Github
2022-05-02 05:53:41 Success.
2022-05-02 05:53:41 Latest version is 0.14.6
2022-05-02 05:53:41 App is up to date.
2022-05-02 08:27:49 Loading main app package /usr/lib/obsidian/obsidian.asar
2022-05-02 08:27:50 Checking for update using Github
2022-05-02 08:27:50 Success.
2022-05-02 08:27:50 Latest version is 0.14.6
2022-05-02 08:27:50 App is up to date.
2022-05-03 06:58:20 Loading main app package /usr/lib/obsidian/obsidian.asar
2022-05-03 06:58:20 Checking for update using Github
2022-05-03 06:58:21 Success.
2022-05-03 06:58:21 Latest version is 0.14.6
2022-05-03 06:58:21 App is up to date.
2022-05-03 07:00:24 Loading main app package /usr/lib/obsidian/obsidian.asar
2022-05-03 07:00:24 Checking for update using Github
2022-05-03 07:00:24 Success.
2022-05-03 07:00:24 Latest version is 0.14.6
2022-05-03 07:00:24 App is up to date.
2022-05-03 07:28:31 Loading main app package /usr/lib/obsidian/obsidian.asar
2022-05-03 07:28:31 Checking for update using Github
2022-05-03 07:28:32 Success.
2022-05-03 07:28:32 Latest version is 0.14.6
2022-05-03 07:28:32 App is up to date.
2022-05-03 15:52:35 Loading main app package /usr/lib/obsidian/obsidian.asar
2022-05-03 15:52:36 Checking for update using Github
2022-05-03 15:52:36 Success.
2022-05-03 15:52:36 Latest version is 0.14.6
2022-05-03 15:52:36 App is up to date.
2022-05-04 03:59:17 Loading main app package /usr/lib/obsidian/obsidian.asar
2022-05-04 03:59:18 Checking for update using Github
2022-05-04 03:59:18 Success.
2022-05-04 03:59:18 Latest version is 0.14.6
2022-05-04 03:59:18 App is up to date.
2022-05-05 06:47:52 Loading main app package /usr/lib/obsidian/obsidian.asar
2022-05-05 06:47:53 Checking for update using Github
2022-05-05 06:47:53 Success.
2022-05-05 06:47:53 Latest version is 0.14.6
2022-05-05 06:47:53 App is up to date.
2022-05-05 08:51:28 Loading main app package /usr/lib/obsidian/obsidian.asar
2022-05-05 08:51:29 Checking for update using Github
2022-05-05 08:51:29 Success.
2022-05-05 08:51:29 Latest version is 0.14.6
2022-05-05 08:51:29 App is up to date.
2022-05-05 13:13:49 Loading main app package /usr/lib/obsidian/obsidian.asar
2022-05-05 13:13:49 Checking for update using Github
2022-05-05 13:13:50 Success.
2022-05-05 13:13:50 Latest version is 0.14.6
2022-05-05 13:13:50 App is up to date.
2022-05-05 13:13:56 Loading main app package /usr/lib/obsidian/obsidian.asar
2022-05-05 13:13:57 Checking for update using Github
2022-05-05 13:13:57 Success.
2022-05-05 13:13:57 Latest version is 0.14.6
2022-05-05 13:13:57 App is up to date.
2022-05-06 11:45:08 Loading main app package /usr/lib/obsidian/obsidian.asar
2022-05-06 11:45:09 Checking for update using Github
2022-05-06 11:45:15 Success.
2022-05-06 11:45:15 Latest version is 0.14.6
2022-05-06 11:45:15 App is up to date.
2022-05-07 07:30:16 Loading main app package /usr/lib/obsidian/obsidian.asar
2022-05-07 07:30:17 Checking for update using Github
2022-05-07 07:30:18 Success.
2022-05-07 07:30:18 Latest version is 0.14.6
2022-05-07 07:30:18 App is up to date.
2022-05-07 12:37:56 Loading main app package /usr/lib/obsidian/obsidian.asar
2022-05-07 12:38:04 Checking for update using Github
2022-05-07 12:38:07 Success.
2022-05-07 12:38:07 Latest version is 0.14.6
2022-05-07 12:38:07 App is up to date.
2022-05-07 14:43:51 Loading main app package /usr/lib/obsidian/obsidian.asar
2022-05-07 14:43:52 Checking for update using Github
2022-05-07 14:43:52 Success.
2022-05-07 14:43:52 Latest version is 0.14.6
2022-05-07 14:43:52 App is up to date.
2022-05-08 04:52:56 Loading main app package /usr/lib/obsidian/obsidian.asar
2022-05-08 04:52:56 Checking for update using Github
2022-05-08 04:52:57 Success.
2022-05-08 04:52:57 Latest version is 0.14.6
2022-05-08 04:52:57 App is up to date.
2022-05-09 07:26:23 Loading main app package /usr/lib/obsidian/obsidian.asar
2022-05-09 07:26:23 Checking for update using Github
2022-05-09 07:26:23 Success.
2022-05-09 07:26:23 Latest version is 0.14.6
2022-05-09 07:26:23 App is up to date.
2022-05-09 07:57:54 Loading main app package /usr/lib/obsidian/obsidian.asar
2022-05-09 07:57:55 Checking for update using Github
2022-05-09 07:57:55 Success.
2022-05-09 07:57:55 Latest version is 0.14.6
2022-05-09 07:57:55 App is up to date.
2022-05-09 08:15:14 Loading main app package /usr/lib/obsidian/obsidian.asar
2022-05-09 08:15:15 Checking for update using Github
2022-05-09 08:15:16 Success.
2022-05-09 08:15:16 Latest version is 0.14.6
2022-05-09 08:15:16 App is up to date.
2022-05-09 09:09:35 Loading main app package /usr/lib/obsidian/obsidian.asar
2022-05-09 09:09:36 Checking for update using Github
2022-05-09 09:09:37 Success.
2022-05-09 09:09:37 Latest version is 0.14.6
2022-05-09 09:09:37 App is up to date.
2022-05-09 11:16:45 Loading main app package /usr/lib/obsidian/obsidian.asar
2022-05-09 11:16:46 Checking for update using Github
2022-05-09 11:16:46 Success.
2022-05-09 11:16:46 Latest version is 0.14.6
2022-05-09 11:16:46 App is up to date.
2022-05-09 12:10:14 Loading main app package /usr/lib/obsidian/obsidian.asar
2022-05-09 12:10:14 Checking for update using Github
2022-05-09 12:10:15 Success.
2022-05-09 12:10:15 Latest version is 0.14.6
2022-05-09 12:10:15 App is up to date.
2022-05-09 13:34:07 Loading main app package /usr/lib/obsidian/obsidian.asar
2022-05-09 13:34:08 Checking for update using Github
2022-05-09 13:34:09 Success.
2022-05-09 13:34:09 Latest version is 0.14.6
2022-05-09 13:34:09 App is up to date.
2022-05-11 08:44:43 Loading main app package /usr/lib/obsidian/obsidian.asar
2022-05-11 08:44:44 Checking for update using Github
2022-05-11 08:44:44 Success.
2022-05-11 08:44:44 Latest version is 0.14.6
2022-05-11 08:44:44 App is up to date.
2022-05-11 13:39:46 Loading main app package /usr/lib/obsidian/obsidian.asar
2022-05-11 13:39:46 Checking for update using Github
2022-05-11 13:39:47 Success.
2022-05-11 13:39:47 Latest version is 0.14.6
2022-05-11 13:39:47 App is up to date.
2022-05-11 15:08:34 Loading main app package /usr/lib/obsidian/obsidian.asar
2022-05-11 15:08:34 Checking for update using Github
2022-05-11 15:08:34 Success.
2022-05-11 15:08:34 Latest version is 0.14.6
2022-05-11 15:08:34 App is up to date.
2022-05-12 04:06:47 Loading main app package /usr/lib/obsidian/obsidian.asar
2022-05-12 04:06:48 Checking for update using Github
2022-05-12 04:06:48 Success.
2022-05-12 04:06:48 Latest version is 0.14.6
2022-05-12 04:06:48 App is up to date.
2022-05-12 08:56:04 Loading main app package /usr/lib/obsidian/obsidian.asar
2022-05-12 08:56:05 Checking for update using Github
2022-05-12 08:56:06 Success.
2022-05-12 08:56:06 Latest version is 0.14.6
2022-05-12 08:56:06 App is up to date.
2022-05-12 10:24:33 Loading main app package /usr/lib/obsidian/obsidian.asar
2022-05-12 10:24:34 Checking for update using Github
2022-05-12 10:24:34 Success.
2022-05-12 10:24:34 Latest version is 0.14.6
2022-05-12 10:24:34 App is up to date.
2022-05-14 08:31:09 Loading main app package /usr/lib/obsidian/obsidian.asar
2022-05-14 08:31:10 Checking for update using Github
2022-05-14 08:31:10 Success.
2022-05-14 08:31:10 Latest version is 0.14.6
2022-05-14 08:31:10 App is up to date.
2022-05-15 06:37:24 Loading main app package /usr/lib/obsidian/obsidian.asar
2022-05-15 06:37:25 Checking for update using Github
2022-05-15 06:37:25 Success.
2022-05-15 06:37:25 Latest version is 0.14.6
2022-05-15 06:37:25 App is up to date.
2022-05-15 06:40:58 Loading main app package /usr/lib/obsidian/obsidian.asar
2022-05-15 06:40:58 Checking for update using Github
2022-05-15 06:40:58 Success.
2022-05-15 06:40:58 Latest version is 0.14.6
2022-05-15 06:40:58 App is up to date.
2022-05-15 06:43:50 Loading main app package /usr/lib/obsidian/obsidian.asar
2022-05-15 06:43:50 Checking for update using Github
2022-05-15 06:43:50 Success.
2022-05-15 06:43:50 Latest version is 0.14.6
2022-05-15 06:43:50 App is up to date.
2022-05-15 06:44:28 Loading main app package /usr/lib/obsidian/obsidian.asar
2022-05-15 06:44:29 Checking for update using Github
2022-05-15 06:44:29 Success.
2022-05-15 06:44:29 Latest version is 0.14.6
2022-05-15 06:44:29 App is up to date.
2022-05-15 06:50:07 Loading main app package /usr/lib/obsidian/obsidian.asar
2022-05-15 06:50:07 Checking for update using Github
2022-05-15 06:50:08 Success.
2022-05-15 06:50:08 Latest version is 0.14.6
2022-05-15 06:50:08 App is up to date.
2022-05-16 11:47:19 Loading main app package /usr/lib/obsidian/obsidian.asar
2022-05-16 11:47:20 Checking for update using Github
2022-05-16 11:47:23 Success.
2022-05-16 11:47:23 Latest version is 0.14.6
2022-05-16 11:47:23 App is up to date.
2022-05-16 12:04:16 Loading main app package /usr/lib/obsidian/obsidian.asar
2022-05-16 12:04:17 Checking for update using Github
2022-05-16 12:04:17 Success.
2022-05-16 12:04:17 Latest version is 0.14.6
2022-05-16 12:04:17 App is up to date.
2022-05-16 12:08:34 Loading main app package /usr/lib/obsidian/obsidian.asar
2022-05-16 12:08:35 Checking for update using Github
2022-05-16 12:08:35 Success.
2022-05-16 12:08:35 Latest version is 0.14.6
2022-05-16 12:08:35 App is up to date.
2022-05-16 13:08:35 Checking for update using Github
2022-05-16 13:08:35 Success.
2022-05-16 13:08:35 Latest version is 0.14.6
2022-05-16 13:08:35 App is up to date.
2022-05-18 06:51:19 Loading main app package /usr/lib/obsidian/obsidian.asar
2022-05-18 06:51:20 Checking for update using Github
2022-05-18 06:51:21 Success.
2022-05-18 06:51:21 Latest version is 0.14.6
2022-05-18 06:51:21 App is up to date.
2022-05-18 09:05:00 Loading main app package /usr/lib/obsidian/obsidian.asar
2022-05-18 09:05:01 Checking for update using Github
2022-05-18 09:05:03 Success.
2022-05-18 09:05:03 Latest version is 0.14.6
2022-05-18 09:05:03 App is up to date.
2022-05-18 09:05:56 Loading main app package /usr/lib/obsidian/obsidian.asar
2022-05-18 09:05:57 Checking for update using Github
2022-05-18 09:05:57 Success.
2022-05-18 09:05:57 Latest version is 0.14.6
2022-05-18 09:05:57 App is up to date.
2022-05-18 09:11:02 Loading main app package /usr/lib/obsidian/obsidian.asar
2022-05-18 09:11:03 Checking for update using Github
2022-05-18 09:11:05 Success.
2022-05-18 09:11:05 Latest version is 0.14.6
2022-05-18 09:11:05 App is up to date.
2022-05-18 12:02:30 Loading main app package /usr/lib/obsidian/obsidian.asar
2022-05-18 12:02:31 Checking for update using Github
2022-05-18 12:02:31 Success.
2022-05-18 12:02:31 Latest version is 0.14.6
2022-05-18 12:02:31 App is up to date.
2022-05-19 03:24:10 Loading main app package /usr/lib/obsidian/obsidian.asar
2022-05-19 03:24:11 Checking for update using Github
2022-05-19 03:24:11 Success.
2022-05-19 03:24:11 Latest version is 0.14.6
2022-05-19 03:24:11 App is up to date.
2022-05-19 22:21:56 Loading main app package /usr/lib/obsidian/obsidian.asar
2022-05-19 22:21:56 Checking for update using Github
2022-05-19 22:21:56 Success.
2022-05-19 22:21:56 Latest version is 0.14.6
2022-05-19 22:21:56 App is up to date.
2022-05-19 22:36:37 Loading main app package /usr/lib/obsidian/obsidian.asar
2022-05-19 22:36:37 Checking for update using Github
2022-05-19 22:36:37 Success.
2022-05-19 22:36:37 Latest version is 0.14.6
2022-05-19 22:36:37 App is up to date.
2022-05-20 22:37:09 Loading main app package /usr/lib/obsidian/obsidian.asar
2022-05-20 22:37:09 Checking for update using Github
2022-05-20 22:37:09 Success.
2022-05-20 22:37:09 Latest version is 0.14.6
2022-05-20 22:37:09 App is up to date.
2022-05-20 22:38:28 Loading main app package /usr/lib/obsidian/obsidian.asar
2022-05-20 22:38:29 Checking for update using Github
2022-05-20 22:38:29 Success.
2022-05-20 22:38:29 Latest version is 0.14.6
2022-05-20 22:38:29 App is up to date.
2022-05-25 11:28:19 Loading main app package /usr/lib/obsidian/obsidian.asar
2022-05-25 11:28:22 Checking for update using Github
2022-05-25 11:28:23 Success.
2022-05-25 11:28:23 Latest version is 0.14.6
2022-05-25 11:28:23 App is up to date.
2022-05-25 11:28:51 Loading main app package /usr/lib/obsidian/obsidian.asar
2022-05-25 11:28:52 Checking for update using Github
2022-05-25 11:28:52 Success.
2022-05-25 11:28:52 Latest version is 0.14.6
2022-05-25 11:28:52 App is up to date.
2022-05-25 11:32:17 Loading main app package /usr/lib/obsidian/obsidian.asar
2022-05-25 11:32:18 Checking for update using Github
2022-05-25 11:32:18 Success.
2022-05-25 11:32:18 Latest version is 0.14.6
2022-05-25 11:32:18 App is up to date.
2022-05-25 23:45:27 Loading main app package /usr/lib/obsidian/obsidian.asar
2022-05-25 23:45:27 Checking for update using Github
2022-05-25 23:45:28 Success.
2022-05-25 23:45:28 Latest version is 0.14.6
2022-05-25 23:45:28 App is up to date.
2022-05-25 23:57:35 Loading main app package /usr/lib/obsidian/obsidian.asar
2022-05-25 23:57:36 Checking for update using Github
2022-05-26 09:29:57 Loading main app package /usr/lib/obsidian/obsidian.asar
2022-05-26 09:29:58 Checking for update using Github
2022-05-26 09:30:00 Success.
2022-05-26 09:30:00 Latest version is 0.14.6
2022-05-26 09:30:00 App is up to date.
2022-05-26 11:00:27 Loading main app package /usr/lib/obsidian/obsidian.asar
2022-05-26 11:00:27 Checking for update using Github
2022-05-26 11:00:28 Success.
2022-05-26 11:00:28 Latest version is 0.14.6
2022-05-26 11:00:28 App is up to date.
2022-05-26 11:18:58 Loading main app package /usr/lib/obsidian/obsidian.asar
2022-05-26 11:18:59 Checking for update using Github
2022-05-26 11:18:59 Success.
2022-05-26 11:18:59 Latest version is 0.14.6
2022-05-26 11:18:59 App is up to date.
2022-05-26 13:36:25 Loading main app package /usr/lib/obsidian/obsidian.asar
2022-05-26 13:36:26 Checking for update using Github
2022-05-26 13:36:26 Success.
2022-05-26 13:36:26 Latest version is 0.14.6
2022-05-26 13:36:26 App is up to date.
2022-05-26 13:58:30 Loading main app package /usr/lib/obsidian/obsidian.asar
2022-05-26 13:58:31 Checking for update using Github
2022-05-26 13:58:31 Success.
2022-05-26 13:58:31 Latest version is 0.14.6
2022-05-26 13:58:31 App is up to date.
2022-05-26 14:58:30 Checking for update using Github
2022-05-26 14:58:30 Success.
2022-05-26 14:58:30 Latest version is 0.14.6
2022-05-26 14:58:30 App is up to date.
2022-05-27 14:11:59 Loading main app package /usr/lib/obsidian/obsidian.asar
2022-05-27 14:12:01 Checking for update using Github
2022-05-27 14:12:02 Success.
2022-05-27 14:12:02 Latest version is 0.14.6
2022-05-27 14:12:02 App is up to date.
2022-05-28 14:37:08 Loading main app package /usr/lib/obsidian/obsidian.asar
2022-05-28 14:37:09 Checking for update using Github
2022-05-28 14:37:09 Success.
2022-05-28 14:37:09 Latest version is 0.14.6
2022-05-28 14:37:09 App is up to date.
2022-05-31 08:42:24 Loading main app package /usr/lib/obsidian/obsidian.asar
2022-05-31 08:42:25 Checking for update using Github
2022-05-31 08:42:26 Success.
2022-05-31 08:42:26 Latest version is 0.14.6
2022-05-31 08:42:26 App is up to date.
2022-05-31 08:42:26 Loading main app package /usr/lib/obsidian/obsidian.asar
2022-05-31 08:42:27 Checking for update using Github
2022-06-01 11:03:49 Loading main app package /usr/lib/obsidian/obsidian.asar
2022-06-01 11:03:50 Checking for update using Github
2022-06-01 11:03:51 Success.
2022-06-01 11:03:51 Latest version is 0.14.6
2022-06-01 11:03:51 App is up to date.
2022-06-01 13:28:40 Loading main app package /usr/lib/obsidian/obsidian.asar
2022-06-01 13:28:41 Checking for update using Github
2022-06-01 13:28:41 Success.
2022-06-01 13:28:41 Latest version is 0.14.6
2022-06-01 13:28:41 App is up to date.
2022-06-01 14:28:41 Checking for update using Github
2022-06-01 14:28:41 Success.
2022-06-01 14:28:41 Latest version is 0.14.6
2022-06-01 14:28:41 App is up to date.
2022-06-01 23:27:24 Loading main app package /usr/lib/obsidian/obsidian.asar
2022-06-01 23:27:25 Checking for update using Github
2022-06-01 23:27:26 Success.
2022-06-01 23:27:26 Latest version is 0.14.6
2022-06-01 23:27:26 App is up to date.
2022-06-02 00:27:35 Loading main app package /usr/lib/obsidian/obsidian.asar
2022-06-02 00:27:36 Checking for update using Github
2022-06-02 00:27:36 Success.
2022-06-02 00:27:36 Latest version is 0.14.6
2022-06-02 00:27:36 App is up to date.
2022-06-02 05:56:41 Loading main app package /usr/lib/obsidian/obsidian.asar
2022-06-02 05:56:42 Checking for update using Github
2022-06-02 05:56:44 Success.
2022-06-02 05:56:44 Latest version is 0.14.6
2022-06-02 05:56:44 App is up to date.
2022-06-02 08:18:44 Loading main app package /usr/lib/obsidian/obsidian.asar
2022-06-02 08:18:45 Checking for update using Github
2022-06-02 08:18:46 Success.
2022-06-02 08:18:46 Latest version is 0.14.6
2022-06-02 08:18:46 App is up to date.
2022-06-02 09:18:44 Checking for update using Github
2022-06-02 09:18:44 Success.
2022-06-02 09:18:44 Latest version is 0.14.6
2022-06-02 09:18:44 App is up to date.
2022-06-02 11:43:51 Loading main app package /usr/lib/obsidian/obsidian.asar
2022-06-02 11:43:52 Checking for update using Github
2022-06-02 11:43:53 Success.
2022-06-02 11:43:53 Latest version is 0.14.6
2022-06-02 11:43:53 App is up to date.
2022-06-02 20:41:07 Loading main app package /usr/lib/obsidian/obsidian.asar
2022-06-02 20:41:08 Checking for update using Github
2022-06-02 20:41:09 Success.
2022-06-02 20:41:09 Latest version is 0.14.6
2022-06-02 20:41:09 App is up to date.
2022-06-02 22:01:04 Loading main app package /usr/lib/obsidian/obsidian.asar
2022-06-02 22:01:04 Checking for update using Github
2022-06-02 22:01:05 Success.
2022-06-02 22:01:05 Latest version is 0.14.6
2022-06-02 22:01:05 App is up to date.
2022-06-02 22:01:14 Loading main app package /usr/lib/obsidian/obsidian.asar
2022-06-02 22:01:18 Checking for update using Github
2022-06-02 22:01:18 Loading main app package /usr/lib/obsidian/obsidian.asar
2022-06-02 22:01:18 Checking for update using Github
2022-06-03 00:05:08 Loading main app package /usr/lib/obsidian/obsidian.asar
2022-06-03 00:05:10 Checking for update using Github
2022-06-03 00:05:11 Success.
2022-06-03 00:05:11 Latest version is 0.14.6
2022-06-03 00:05:11 App is up to date.
2022-06-03 01:24:19 Loading main app package /usr/lib/obsidian/obsidian.asar
2022-06-03 01:24:20 Checking for update using Github
2022-06-03 01:24:20 Success.
2022-06-03 01:24:20 Latest version is 0.14.6
2022-06-03 01:24:20 App is up to date.
2022-06-03 03:59:45 Loading main app package /usr/lib/obsidian/obsidian.asar
2022-06-03 03:59:45 Checking for update using Github
2022-06-03 03:59:46 Success.
2022-06-03 03:59:46 Latest version is 0.14.6
2022-06-03 03:59:46 App is up to date.
2022-06-03 06:27:39 Loading main app package /usr/lib/obsidian/obsidian.asar
2022-06-03 06:27:40 Checking for update using Github
2022-06-03 06:27:41 Success.
2022-06-03 06:27:41 Latest version is 0.14.6
2022-06-03 06:27:41 App is up to date.
2022-06-03 10:00:23 Loading main app package /usr/lib/obsidian/obsidian.asar
2022-06-03 10:00:24 Checking for update using Github
2022-06-03 10:00:25 Success.
2022-06-03 10:00:25 Latest version is 0.14.6
2022-06-03 10:00:25 App is up to date.
2022-06-03 11:24:22 Loading main app package /usr/lib/obsidian/obsidian.asar
2022-06-03 11:24:23 Checking for update using Github
2022-06-03 11:24:25 Success.
2022-06-03 11:24:25 Latest version is 0.14.6
2022-06-03 11:24:25 App is up to date.
2022-06-03 13:42:00 Loading main app package /usr/lib/obsidian/obsidian.asar
2022-06-03 13:42:01 Checking for update using Github
2022-06-03 13:42:02 Success.
2022-06-03 13:42:02 Latest version is 0.14.6
2022-06-03 13:42:02 App is up to date.
2022-06-04 00:25:08 Loading main app package /usr/lib/obsidian/obsidian.asar
2022-06-04 00:25:10 Checking for update using Github
2022-06-04 00:25:11 Success.
2022-06-04 00:25:11 Latest version is 0.14.6
2022-06-04 00:25:11 App is up to date.
2022-06-09 04:50:07 Loading main app package /usr/lib/obsidian/obsidian.asar
2022-06-09 04:50:08 Checking for update using Github
2022-06-09 04:50:09 Success.
2022-06-09 04:50:09 Latest version is 0.14.15
2022-06-09 04:50:09 Downloading update from https://github.com/obsidianmd/obsidian-releases/releases/download/v0.14.15/obsidian-0.14.15.asar.gz
2022-06-09 04:50:13 Verifying hash & signature. Size= 5370314
2022-06-09 04:50:13 Saving file
2022-06-09 04:50:14 Update complete.
2022-06-11 11:33:39 Loading updated app package /home/kai/.config/obsidian/obsidian-0.14.15.asar
2022-06-11 11:33:39 Checking for update using Github
2022-06-11 11:33:39 Success.
2022-06-11 11:33:39 Latest version is 0.14.15
2022-06-11 11:33:39 App is up to date.
2022-06-11 12:33:39 Checking for update using Github
2022-06-11 12:33:39 Success.
2022-06-11 12:33:39 Latest version is 0.14.15
2022-06-11 12:33:39 App is up to date.
2022-06-18 01:54:25 Loading updated app package /home/kai/.config/obsidian/obsidian-0.14.15.asar
2022-06-18 01:54:25 Checking for update using Github
2022-06-18 01:54:27 Success.
2022-06-18 01:54:27 Latest version is 0.14.15
2022-06-18 01:54:27 App is up to date.
2022-06-19 13:37:11 Loading updated app package /home/kai/.config/obsidian/obsidian-0.14.15.asar
2022-06-19 13:37:12 Checking for update using Github
2022-06-19 13:37:12 Success.
2022-06-19 13:37:12 Latest version is 0.14.15
2022-06-19 13:37:12 App is up to date.
2022-06-21 00:19:54 Loading updated app package /home/kai/.config/obsidian/obsidian-0.14.15.asar
2022-06-21 00:19:54 Checking for update using Github
2022-06-21 00:19:55 Success.
2022-06-21 00:19:55 Latest version is 0.14.15
2022-06-21 00:19:55 App is up to date.
2022-06-25 09:19:48 Loading updated app package /home/kai/.config/obsidian/obsidian-0.14.15.asar
2022-06-25 09:19:49 Checking for update using Github
2022-06-25 09:19:50 Success.
2022-06-25 09:19:50 Latest version is 0.14.15
2022-06-25 09:19:50 App is up to date.
2022-07-01 00:58:33 Loading updated app package /home/kai/.config/obsidian/obsidian-0.14.15.asar
2022-07-01 00:58:33 Checking for update using Github
2022-07-01 00:58:34 Success.
2022-07-01 00:58:34 Latest version is 0.14.15
2022-07-01 00:58:34 App is up to date.
2022-07-02 07:24:11 Loading updated app package /home/kai/.config/obsidian/obsidian-0.14.15.asar
2022-07-02 07:24:12 Checking for update using Github
2022-07-02 07:24:12 Success.
2022-07-02 07:24:12 Latest version is 0.14.15
2022-07-02 07:24:12 App is up to date.
2022-07-08 09:26:23 Loading updated app package /home/kai/.config/obsidian/obsidian-0.14.15.asar
2022-07-08 09:26:23 Checking for update using Github
2022-07-08 09:26:23 Success.
2022-07-08 09:26:23 Latest version is 0.14.15
2022-07-08 09:26:23 App is up to date.
2022-07-08 09:27:33 Loading updated app package /home/kai/.config/obsidian/obsidian-0.14.15.asar
2022-07-08 09:27:34 Checking for update using Github
2022-07-08 09:27:34 Success.
2022-07-08 09:27:34 Latest version is 0.14.15
2022-07-08 09:27:34 App is up to date.
2022-07-08 09:28:20 Loading updated app package /home/kai/.config/obsidian/obsidian-0.14.15.asar
2022-07-08 09:28:20 Checking for update using Github
2022-07-08 09:28:20 Success.
2022-07-08 09:28:20 Latest version is 0.14.15
2022-07-08 09:28:20 App is up to date.
2022-07-09 00:22:37 Loading updated app package /home/kai/.config/obsidian/obsidian-0.14.15.asar
2022-07-09 00:22:38 Checking for update using Github
2022-07-09 00:22:38 Success.
2022-07-09 00:22:38 Latest version is 0.14.15
2022-07-09 00:22:38 App is up to date.
