{"logTime": "0326/201036", "correlationVector":"5Ptmch2meYGOGeMfX/56TB.0","action":"FeedSettingFetch_homeCloud", "result":"0", "context":{}}
{"logTime": "0326/201037", "correlationVector":"5Ptmch2meYGOGeMfX/56TB.0","action":"SyncServerConnectionManagerRequest", "result":"SYNC_SERVER_OK", "context":{"environment":"", "server":""}}
{"logTime": "0326/201042", "correlationVector":"IhZ+rHrh0QQwMvf8GlHrgW.1","action":"SyncServerConnectionManagerRequest", "result":"SYNC_SERVER_OK", "context":{"environment":"48F630A6-CB1B-4CC7-86AF-0F6627234B58|106", "server":"SG2PEPF00000CA9"}}
{"logTime": "0326/201045", "correlationVector":"crqGU0VAs+siira84EhCs0.1","action":"SyncServerConnectionManagerRequest", "result":"SYNC_SERVER_OK", "context":{"environment":"48F630A6-CB1B-4CC7-86AF-0F6627234B58|106", "server":"SG2PEPF00000CA9"}}
{"logTime": "0326/201045", "correlationVector":"IhZ+rHrh0QQwMvf8GlHrgW","action":"Initial GetUpdates", "result":""}
{"logTime": "0326/201045", "correlationVector":"IhZ+rHrh0QQwMvf8GlHrgW.2","action":"GetUpdates Response", "result":"SERVER_MORE_TO_DOWNLOAD"}
{"logTime": "0326/201045", "correlationVector":"crqGU0VAs+siira84EhCs0","action":"Initial GetUpdates", "result":""}
{"logTime": "0326/201045", "correlationVector":"crqGU0VAs+siira84EhCs0.2","action":"GetUpdates Response", "result":"SYNCER_OK"}
{"logTime": "0326/201045", "correlationVector":"5kFsp4EysTSH5B++UyukG0","action":"Initial GetUpdates", "result":""}
{"logTime": "0326/201049", "correlationVector":"5kFsp4EysTSH5B++UyukG0.1","action":"SyncServerConnectionManagerRequest", "result":"SYNC_SERVER_OK", "context":{"environment":"48F630A6-CB1B-4CC7-86AF-0F6627234B58|106", "server":"SG2PEPF00000CA9"}}
{"logTime": "0326/201049", "correlationVector":"5kFsp4EysTSH5B++UyukG0.2","action":"GetUpdates Response", "result":"SERVER_MORE_TO_DOWNLOAD"}
{"logTime": "0326/201049", "correlationVector":"YoVxP34NvlbYgkpFybBgyv","action":"Initial GetUpdates", "result":""}
{"logTime": "0326/201050", "correlationVector":"YoVxP34NvlbYgkpFybBgyv.1","action":"SyncServerConnectionManagerRequest", "result":"SYNC_SERVER_OK", "context":{"environment":"48F630A6-CB1B-4CC7-86AF-0F6627234B58|106", "server":"SG2PEPF00000CA9"}}
{"logTime": "0326/201050", "correlationVector":"YoVxP34NvlbYgkpFybBgyv.2","action":"GetUpdates Response", "result":"SERVER_MORE_TO_DOWNLOAD"}
{"logTime": "0326/201050", "correlationVector":"uJfksEi9IndM29KKSSCbpz","action":"Initial GetUpdates", "result":""}
{"logTime": "0326/201052", "correlationVector":"uJfksEi9IndM29KKSSCbpz.1","action":"SyncServerConnectionManagerRequest", "result":"SYNC_SERVER_OK", "context":{"environment":"48F630A6-CB1B-4CC7-86AF-0F6627234B58|106", "server":"SG2PEPF00000CA9"}}
{"logTime": "0326/201052", "correlationVector":"uJfksEi9IndM29KKSSCbpz.2","action":"GetUpdates Response", "result":"SERVER_MORE_TO_DOWNLOAD"}
{"logTime": "0326/201052", "correlationVector":"CK4K1egmphJtxy5pn7Eq39","action":"Initial GetUpdates", "result":""}
{"logTime": "0326/201053", "correlationVector":"CK4K1egmphJtxy5pn7Eq39.1","action":"SyncServerConnectionManagerRequest", "result":"SYNC_SERVER_OK", "context":{"environment":"48F630A6-CB1B-4CC7-86AF-0F6627234B58|106", "server":"SG2PEPF00000CA9"}}
{"logTime": "0326/201053", "correlationVector":"CK4K1egmphJtxy5pn7Eq39.2","action":"GetUpdates Response", "result":"SERVER_MORE_TO_DOWNLOAD"}
{"logTime": "0326/201053", "correlationVector":"ZXg2bt7jVi+X0iL7+oeqSI","action":"Initial GetUpdates", "result":""}
{"logTime": "0326/201054", "correlationVector":"ZXg2bt7jVi+X0iL7+oeqSI.1","action":"SyncServerConnectionManagerRequest", "result":"SYNC_SERVER_OK", "context":{"environment":"48F630A6-CB1B-4CC7-86AF-0F6627234B58|106", "server":"SG2PEPF00000CA9"}}
{"logTime": "0326/201054", "correlationVector":"ZXg2bt7jVi+X0iL7+oeqSI.2","action":"GetUpdates Response", "result":"SYNCER_OK"}
{"logTime": "0326/201054", "correlationVector":"eqVwCue8bMMh2pi/r9BpAg","action":"Initial GetUpdates", "result":""}
{"logTime": "0326/201056", "correlationVector":"eqVwCue8bMMh2pi/r9BpAg.1","action":"SyncServerConnectionManagerRequest", "result":"SYNC_SERVER_OK", "context":{"environment":"48F630A6-CB1B-4CC7-86AF-0F6627234B58|106", "server":"SG2PEPF00000CA9"}}
{"logTime": "0326/201056", "correlationVector":"eqVwCue8bMMh2pi/r9BpAg.2","action":"GetUpdates Response", "result":"SERVER_MORE_TO_DOWNLOAD"}
{"logTime": "0326/201056", "correlationVector":"8NsHEQBKiCDoPp5oW/EkwF","action":"Initial GetUpdates", "result":""}
{"logTime": "0326/201057", "correlationVector":"8NsHEQBKiCDoPp5oW/EkwF.1","action":"SyncServerConnectionManagerRequest", "result":"SYNC_SERVER_OK", "context":{"environment":"48F630A6-CB1B-4CC7-86AF-0F6627234B58|106", "server":"SG2PEPF00000CA9"}}
{"logTime": "0326/201057", "correlationVector":"8NsHEQBKiCDoPp5oW/EkwF.2","action":"GetUpdates Response", "result":"SERVER_MORE_TO_DOWNLOAD"}
{"logTime": "0326/201057", "correlationVector":"SuQGaXxKJQR5ySxqQo51Ds","action":"Initial GetUpdates", "result":""}
{"logTime": "0326/201059", "correlationVector":"SuQGaXxKJQR5ySxqQo51Ds.1","action":"SyncServerConnectionManagerRequest", "result":"SYNC_SERVER_OK", "context":{"environment":"48F630A6-CB1B-4CC7-86AF-0F6627234B58|106", "server":"SG2PEPF00000CA9"}}
{"logTime": "0326/201059", "correlationVector":"SuQGaXxKJQR5ySxqQo51Ds.2","action":"GetUpdates Response", "result":"SERVER_MORE_TO_DOWNLOAD"}
{"logTime": "0326/201059", "correlationVector":"5ObbXWNP0NQsA1XxB8NLgl","action":"Initial GetUpdates", "result":""}
{"logTime": "0326/201100", "correlationVector":"5ObbXWNP0NQsA1XxB8NLgl.1","action":"SyncServerConnectionManagerRequest", "result":"SYNC_SERVER_OK", "context":{"environment":"48F630A6-CB1B-4CC7-86AF-0F6627234B58|106", "server":"SG2PEPF00000CA9"}}
{"logTime": "0326/201100", "correlationVector":"5ObbXWNP0NQsA1XxB8NLgl.2","action":"GetUpdates Response", "result":"SERVER_MORE_TO_DOWNLOAD"}
{"logTime": "0326/201100", "correlationVector":"/jdbzmnxjGY6cw5HeKup6s","action":"Initial GetUpdates", "result":""}
{"logTime": "0326/201102", "correlationVector":"/jdbzmnxjGY6cw5HeKup6s.1","action":"SyncServerConnectionManagerRequest", "result":"SYNC_SERVER_OK", "context":{"environment":"48F630A6-CB1B-4CC7-86AF-0F6627234B58|106", "server":"SG2PEPF00000CA9"}}
{"logTime": "0326/201102", "correlationVector":"/jdbzmnxjGY6cw5HeKup6s.2","action":"GetUpdates Response", "result":"SERVER_MORE_TO_DOWNLOAD"}
{"logTime": "0326/201102", "correlationVector":"KYw4sMn596k91h6+gRrTWm","action":"Initial GetUpdates", "result":""}
{"logTime": "0326/201103", "correlationVector":"KYw4sMn596k91h6+gRrTWm.1","action":"SyncServerConnectionManagerRequest", "result":"SYNC_SERVER_OK", "context":{"environment":"48F630A6-CB1B-4CC7-86AF-0F6627234B58|106", "server":"SG2PEPF00000CA9"}}
{"logTime": "0326/201103", "correlationVector":"KYw4sMn596k91h6+gRrTWm.2","action":"GetUpdates Response", "result":"SERVER_MORE_TO_DOWNLOAD"}
{"logTime": "0326/201103", "correlationVector":"dTLzslQ0kqgG0QuOmjmPND","action":"Initial GetUpdates", "result":""}
{"logTime": "0326/201105", "correlationVector":"dTLzslQ0kqgG0QuOmjmPND.1","action":"SyncServerConnectionManagerRequest", "result":"SYNC_SERVER_OK", "context":{"environment":"48F630A6-CB1B-4CC7-86AF-0F6627234B58|106", "server":"SG2PEPF00000CA9"}}
{"logTime": "0326/201105", "correlationVector":"dTLzslQ0kqgG0QuOmjmPND.2","action":"GetUpdates Response", "result":"SERVER_MORE_TO_DOWNLOAD"}
{"logTime": "0326/201105", "correlationVector":"ZgnsiSXyw7KBQoadJPyHbb","action":"Initial GetUpdates", "result":""}
{"logTime": "0326/201106", "correlationVector":"ZgnsiSXyw7KBQoadJPyHbb.1","action":"SyncServerConnectionManagerRequest", "result":"SYNC_SERVER_OK", "context":{"environment":"48F630A6-CB1B-4CC7-86AF-0F6627234B58|106", "server":"SG2PEPF00000CA9"}}
{"logTime": "0326/201106", "correlationVector":"ZgnsiSXyw7KBQoadJPyHbb.2","action":"GetUpdates Response", "result":"SERVER_MORE_TO_DOWNLOAD"}
{"logTime": "0326/201106", "correlationVector":"5reaLsXDfTjcivDRWxDB/R","action":"Initial GetUpdates", "result":""}
{"logTime": "0326/201108", "correlationVector":"5reaLsXDfTjcivDRWxDB/R.1","action":"SyncServerConnectionManagerRequest", "result":"SYNC_SERVER_OK", "context":{"environment":"48F630A6-CB1B-4CC7-86AF-0F6627234B58|106", "server":"SG2PEPF00000CA9"}}
{"logTime": "0326/201108", "correlationVector":"5reaLsXDfTjcivDRWxDB/R.2","action":"GetUpdates Response", "result":"SERVER_MORE_TO_DOWNLOAD"}
{"logTime": "0326/201108", "correlationVector":"3+ub8Di/R+RAxKP/+34Erj","action":"Initial GetUpdates", "result":""}
{"logTime": "0326/201109", "correlationVector":"3+ub8Di/R+RAxKP/+34Erj.1","action":"SyncServerConnectionManagerRequest", "result":"SYNC_SERVER_OK", "context":{"environment":"48F630A6-CB1B-4CC7-86AF-0F6627234B58|106", "server":"SG2PEPF00000CA9"}}
{"logTime": "0326/201109", "correlationVector":"3+ub8Di/R+RAxKP/+34Erj.2","action":"GetUpdates Response", "result":"SERVER_MORE_TO_DOWNLOAD"}
{"logTime": "0326/201109", "correlationVector":"Q10T+18Lf/WyOuHaUjUbh5","action":"Initial GetUpdates", "result":""}
{"logTime": "0326/201111", "correlationVector":"Q10T+18Lf/WyOuHaUjUbh5.1","action":"SyncServerConnectionManagerRequest", "result":"SYNC_SERVER_OK", "context":{"environment":"48F630A6-CB1B-4CC7-86AF-0F6627234B58|106", "server":"SG2PEPF00000CA9"}}
{"logTime": "0326/201111", "correlationVector":"Q10T+18Lf/WyOuHaUjUbh5.2","action":"GetUpdates Response", "result":"SERVER_MORE_TO_DOWNLOAD"}
{"logTime": "0326/201111", "correlationVector":"vQQRfTL2sTscfIoBqvmx8M","action":"Initial GetUpdates", "result":""}
{"logTime": "0326/201112", "correlationVector":"vQQRfTL2sTscfIoBqvmx8M.1","action":"SyncServerConnectionManagerRequest", "result":"SYNC_SERVER_OK", "context":{"environment":"48F630A6-CB1B-4CC7-86AF-0F6627234B58|106", "server":"SG2PEPF00000CA9"}}
{"logTime": "0326/201112", "correlationVector":"vQQRfTL2sTscfIoBqvmx8M.2","action":"GetUpdates Response", "result":"SERVER_MORE_TO_DOWNLOAD"}
{"logTime": "0326/201112", "correlationVector":"l5viLJaxoGTGCv9hII1lUu","action":"Initial GetUpdates", "result":""}
{"logTime": "0326/201114", "correlationVector":"l5viLJaxoGTGCv9hII1lUu.1","action":"SyncServerConnectionManagerRequest", "result":"SYNC_SERVER_OK", "context":{"environment":"48F630A6-CB1B-4CC7-86AF-0F6627234B58|106", "server":"SG2PEPF00000CA9"}}
{"logTime": "0326/201114", "correlationVector":"l5viLJaxoGTGCv9hII1lUu.2","action":"GetUpdates Response", "result":"SERVER_MORE_TO_DOWNLOAD"}
{"logTime": "0326/201114", "correlationVector":"BmOFYbF2OuXE7bcbOxtJIx","action":"Initial GetUpdates", "result":""}
{"logTime": "0326/201115", "correlationVector":"BmOFYbF2OuXE7bcbOxtJIx.1","action":"SyncServerConnectionManagerRequest", "result":"SYNC_SERVER_OK", "context":{"environment":"48F630A6-CB1B-4CC7-86AF-0F6627234B58|106", "server":"SG2PEPF00000CA9"}}
{"logTime": "0326/201115", "correlationVector":"BmOFYbF2OuXE7bcbOxtJIx.2","action":"GetUpdates Response", "result":"SERVER_MORE_TO_DOWNLOAD"}
{"logTime": "0326/201115", "correlationVector":"IuudcU9xE7y5L9l15ycVC8","action":"Initial GetUpdates", "result":""}
{"logTime": "0326/201117", "correlationVector":"IuudcU9xE7y5L9l15ycVC8.1","action":"SyncServerConnectionManagerRequest", "result":"SYNC_SERVER_OK", "context":{"environment":"48F630A6-CB1B-4CC7-86AF-0F6627234B58|106", "server":"SG2PEPF00000CA9"}}
{"logTime": "0326/201117", "correlationVector":"IuudcU9xE7y5L9l15ycVC8.2","action":"GetUpdates Response", "result":"SERVER_MORE_TO_DOWNLOAD"}
{"logTime": "0326/201117", "correlationVector":"cQiLLwOzRLw6aabgXYWyln","action":"Initial GetUpdates", "result":""}
{"logTime": "0326/201119", "correlationVector":"cQiLLwOzRLw6aabgXYWyln.1","action":"SyncServerConnectionManagerRequest", "result":"SYNC_SERVER_OK", "context":{"environment":"48F630A6-CB1B-4CC7-86AF-0F6627234B58|106", "server":"SG2PEPF00000CA9"}}
{"logTime": "0326/201119", "correlationVector":"cQiLLwOzRLw6aabgXYWyln.2","action":"GetUpdates Response", "result":"SERVER_MORE_TO_DOWNLOAD"}
{"logTime": "0326/201119", "correlationVector":"RksuS2TWbNLP1tDGRgtMDm","action":"Initial GetUpdates", "result":""}
{"logTime": "0326/201121", "correlationVector":"RksuS2TWbNLP1tDGRgtMDm.1","action":"SyncServerConnectionManagerRequest", "result":"SYNC_SERVER_OK", "context":{"environment":"48F630A6-CB1B-4CC7-86AF-0F6627234B58|106", "server":"SG2PEPF00000CA9"}}
{"logTime": "0326/201121", "correlationVector":"RksuS2TWbNLP1tDGRgtMDm.2","action":"GetUpdates Response", "result":"SERVER_MORE_TO_DOWNLOAD"}
{"logTime": "0326/201121", "correlationVector":"vnsCp6g9sRD4CIz8EL79v2","action":"Initial GetUpdates", "result":""}
{"logTime": "0326/201123", "correlationVector":"vnsCp6g9sRD4CIz8EL79v2.1","action":"SyncServerConnectionManagerRequest", "result":"SYNC_SERVER_OK", "context":{"environment":"48F630A6-CB1B-4CC7-86AF-0F6627234B58|106", "server":"SG2PEPF00000CA9"}}
{"logTime": "0326/201123", "correlationVector":"vnsCp6g9sRD4CIz8EL79v2.2","action":"GetUpdates Response", "result":"SERVER_MORE_TO_DOWNLOAD"}
{"logTime": "0326/201123", "correlationVector":"zJqFfjQk0y8YlY4K0uWQnT","action":"Initial GetUpdates", "result":""}
{"logTime": "0326/201125", "correlationVector":"zJqFfjQk0y8YlY4K0uWQnT.1","action":"SyncServerConnectionManagerRequest", "result":"SYNC_SERVER_OK", "context":{"environment":"48F630A6-CB1B-4CC7-86AF-0F6627234B58|106", "server":"SG2PEPF00000CA9"}}
{"logTime": "0326/201125", "correlationVector":"zJqFfjQk0y8YlY4K0uWQnT.2","action":"GetUpdates Response", "result":"SERVER_MORE_TO_DOWNLOAD"}
{"logTime": "0326/201125", "correlationVector":"8L2iFWNzB4OWo7TdfgEmL1","action":"Initial GetUpdates", "result":""}
{"logTime": "0326/201127", "correlationVector":"8L2iFWNzB4OWo7TdfgEmL1.1","action":"SyncServerConnectionManagerRequest", "result":"SYNC_SERVER_OK", "context":{"environment":"48F630A6-CB1B-4CC7-86AF-0F6627234B58|106", "server":"SG2PEPF00000CA9"}}
{"logTime": "0326/201127", "correlationVector":"8L2iFWNzB4OWo7TdfgEmL1.2","action":"GetUpdates Response", "result":"SERVER_MORE_TO_DOWNLOAD"}
{"logTime": "0326/201127", "correlationVector":"zywxF8qeR3aSTZB3oKunee","action":"Initial GetUpdates", "result":""}
{"logTime": "0326/201129", "correlationVector":"zywxF8qeR3aSTZB3oKunee.1","action":"SyncServerConnectionManagerRequest", "result":"SYNC_SERVER_OK", "context":{"environment":"48F630A6-CB1B-4CC7-86AF-0F6627234B58|106", "server":"SG2PEPF00000CA9"}}
{"logTime": "0326/201129", "correlationVector":"zywxF8qeR3aSTZB3oKunee.2","action":"GetUpdates Response", "result":"SERVER_MORE_TO_DOWNLOAD"}
{"logTime": "0326/201129", "correlationVector":"r3uZJUPTsVUNoqhECXsIzQ","action":"Initial GetUpdates", "result":""}
{"logTime": "0326/201131", "correlationVector":"r3uZJUPTsVUNoqhECXsIzQ.1","action":"SyncServerConnectionManagerRequest", "result":"SYNC_SERVER_OK", "context":{"environment":"48F630A6-CB1B-4CC7-86AF-0F6627234B58|106", "server":"SG2PEPF00000CA9"}}
{"logTime": "0326/201131", "correlationVector":"r3uZJUPTsVUNoqhECXsIzQ.2","action":"GetUpdates Response", "result":"SERVER_MORE_TO_DOWNLOAD"}
{"logTime": "0326/201131", "correlationVector":"wieRkYosT3afGEBpMbey+d","action":"Initial GetUpdates", "result":""}
{"logTime": "0326/201132", "correlationVector":"wieRkYosT3afGEBpMbey+d.1","action":"SyncServerConnectionManagerRequest", "result":"SYNC_SERVER_OK", "context":{"environment":"48F630A6-CB1B-4CC7-86AF-0F6627234B58|106", "server":"SG2PEPF00000CA9"}}
{"logTime": "0326/201132", "correlationVector":"wieRkYosT3afGEBpMbey+d.2","action":"GetUpdates Response", "result":"SERVER_MORE_TO_DOWNLOAD"}
{"logTime": "0326/201132", "correlationVector":"FjomYpN+ADumQtVef9MMt+","action":"Initial GetUpdates", "result":""}
{"logTime": "0326/201134", "correlationVector":"FjomYpN+ADumQtVef9MMt+.1","action":"SyncServerConnectionManagerRequest", "result":"SYNC_SERVER_OK", "context":{"environment":"48F630A6-CB1B-4CC7-86AF-0F6627234B58|106", "server":"SG2PEPF00000CA9"}}
{"logTime": "0326/201134", "correlationVector":"FjomYpN+ADumQtVef9MMt+.2","action":"GetUpdates Response", "result":"SERVER_MORE_TO_DOWNLOAD"}
{"logTime": "0326/201134", "correlationVector":"B2NCz5P6q63jBPraonw2vu","action":"Initial GetUpdates", "result":""}
{"logTime": "0326/201135", "correlationVector":"B2NCz5P6q63jBPraonw2vu.1","action":"SyncServerConnectionManagerRequest", "result":"SYNC_SERVER_OK", "context":{"environment":"48F630A6-CB1B-4CC7-86AF-0F6627234B58|106", "server":"SG2PEPF00000CA9"}}
{"logTime": "0326/201135", "correlationVector":"B2NCz5P6q63jBPraonw2vu.2","action":"GetUpdates Response", "result":"SERVER_MORE_TO_DOWNLOAD"}
{"logTime": "0326/201135", "correlationVector":"LlngqwJdpytrOvynNWw3Ey","action":"Initial GetUpdates", "result":""}
{"logTime": "0326/201137", "correlationVector":"LlngqwJdpytrOvynNWw3Ey.1","action":"SyncServerConnectionManagerRequest", "result":"SYNC_SERVER_OK", "context":{"environment":"48F630A6-CB1B-4CC7-86AF-0F6627234B58|106", "server":"SG2PEPF00000CA9"}}
{"logTime": "0326/201137", "correlationVector":"LlngqwJdpytrOvynNWw3Ey.2","action":"GetUpdates Response", "result":"SERVER_MORE_TO_DOWNLOAD"}
{"logTime": "0326/201137", "correlationVector":"Dz6CF/3F82dn+z3vypvC1X","action":"Initial GetUpdates", "result":""}
{"logTime": "0326/201637", "correlationVector":"Dz6CF/3F82dn+z3vypvC1X","action":"SyncServerConnectionManagerRequest", "result":"CONNECTION_UNAVAILABLE", "context":{"error_type":"net_error_code", "error_value":"-7"}}
{"logTime": "0326/201637", "correlationVector":"7w3LL4GwZ6E9OseQX8Tk6V.0","action":"GetUpdates Response", "result":"NETWORK_ERROR_SERVER (ERR_TIMED_OUT)"}
{"logTime": "0326/201752", "correlationVector":"oBJNOMovrk9zwl/1fjuo4E","action":"Initial GetUpdates", "result":""}
{"logTime": "0326/201803", "correlationVector":"oBJNOMovrk9zwl/1fjuo4E.1","action":"SyncServerConnectionManagerRequest", "result":"SYNC_SERVER_OK", "context":{"environment":"48F630A6-CB1B-4CC7-86AF-0F6627234B58|106", "server":"SG2PEPF00000C99"}}
{"logTime": "0326/201803", "correlationVector":"oBJNOMovrk9zwl/1fjuo4E.2","action":"GetUpdates Response", "result":"SYNCER_OK"}
{"logTime": "0326/201804", "correlationVector":"kcGm8zmzbuFb8NmU3nQDS5","action":"Normal GetUpdate request", "result":""}
{"logTime": "0326/201804", "correlationVector":"kcGm8zmzbuFb8NmU3nQDS5.1","action":"SyncServerConnectionManagerRequest", "result":"SYNC_SERVER_OK", "context":{"environment":"48F630A6-CB1B-4CC7-86AF-0F6627234B58|106", "server":"SG2PEPF00000C99"}}
{"logTime": "0326/201804", "correlationVector":"kcGm8zmzbuFb8NmU3nQDS5.2","action":"GetUpdates Response", "result":"SYNCER_OK"}
{"logTime": "0326/201804", "correlationVector":"e0jEcWPLNESb2NHU8BcoeS","action":"Commit Request", "result":""}
{"logTime": "0326/201804", "correlationVector":"e0jEcWPLNESb2NHU8BcoeS.1","action":"SyncServerConnectionManagerRequest", "result":"SYNC_SERVER_OK", "context":{"environment":"48F630A6-CB1B-4CC7-86AF-0F6627234B58|106", "server":"SG2PEPF00000C99"}}
{"logTime": "0326/201804", "correlationVector":"e0jEcWPLNESb2NHU8BcoeS.2","action":"Commit Response", "result":"SYNCER_OK"}
{"logTime": "0326/201804", "correlationVector":"e3I3yBl56C6sRbLa74bHE5","action":"Commit Request", "result":""}
{"logTime": "0326/201808", "correlationVector":"e3I3yBl56C6sRbLa74bHE5.1","action":"SyncServerConnectionManagerRequest", "result":"SYNC_SERVER_OK", "context":{"environment":"48F630A6-CB1B-4CC7-86AF-0F6627234B58|106", "server":"SG2PEPF00000C99"}}
{"logTime": "0326/201808", "correlationVector":"e3I3yBl56C6sRbLa74bHE5.2","action":"Commit Response", "result":"SYNCER_OK"}
{"logTime": "0326/201812", "correlationVector":"QkjXuAMa8Mhed+Hx4x/uMa","action":"Commit Request", "result":""}
{"logTime": "0326/201813", "correlationVector":"QkjXuAMa8Mhed+Hx4x/uMa.1","action":"SyncServerConnectionManagerRequest", "result":"SYNC_SERVER_OK", "context":{"environment":"48F630A6-CB1B-4CC7-86AF-0F6627234B58|106", "server":"SG2PEPF00000C99"}}
{"logTime": "0326/201813", "correlationVector":"QkjXuAMa8Mhed+Hx4x/uMa.2","action":"Commit Response", "result":"SYNCER_OK"}
{"logTime": "0326/201843", "correlationVector":"n0U+0T4CoAyTpuMQFoTo7k","action":"Commit Request", "result":""}
{"logTime": "0326/201844", "correlationVector":"n0U+0T4CoAyTpuMQFoTo7k.1","action":"SyncServerConnectionManagerRequest", "result":"SYNC_SERVER_OK", "context":{"environment":"48F630A6-CB1B-4CC7-86AF-0F6627234B58|106", "server":"SG2PEPF00000C99"}}
{"logTime": "0326/201844", "correlationVector":"n0U+0T4CoAyTpuMQFoTo7k.2","action":"Commit Response", "result":"SYNCER_OK"}
{"logTime": "0326/132953", "correlationVector":"TXJDypu9+sSmjfPz65+1XG","action":"Commit Request", "result":""}
{"logTime": "0326/132955", "correlationVector":"TXJDypu9+sSmjfPz65+1XG.1","action":"SyncServerConnectionManagerRequest", "result":"SYNC_SERVER_OK", "context":{"environment":"48F630A6-CB1B-4CC7-86AF-0F6627234B58|106", "server":"SG2PEPF00000CA1"}}
{"logTime": "0326/132955", "correlationVector":"TXJDypu9+sSmjfPz65+1XG.2","action":"Commit Response", "result":"SYNCER_OK"}
{"logTime": "0326/133026", "correlationVector":"F6uqrVEmWep+AXuF3qURy9","action":"Commit Request", "result":""}
{"logTime": "0326/133027", "correlationVector":"F6uqrVEmWep+AXuF3qURy9.1","action":"SyncServerConnectionManagerRequest", "result":"SYNC_SERVER_OK", "context":{"environment":"48F630A6-CB1B-4CC7-86AF-0F6627234B58|106", "server":"SG2PEPF00000CA1"}}
{"logTime": "0326/133027", "correlationVector":"F6uqrVEmWep+AXuF3qURy9.2","action":"Commit Response", "result":"SYNCER_OK"}
{"logTime": "0326/133110", "correlationVector":"Jbuoj7t71+n2Q+oFeHX+66","action":"Commit Request", "result":""}
{"logTime": "0326/133110", "correlationVector":"Jbuoj7t71+n2Q+oFeHX+66.1","action":"SyncServerConnectionManagerRequest", "result":"SYNC_SERVER_OK", "context":{"environment":"48F630A6-CB1B-4CC7-86AF-0F6627234B58|106", "server":"SG2PEPF00000CA1"}}
{"logTime": "0326/133110", "correlationVector":"Jbuoj7t71+n2Q+oFeHX+66.2","action":"Commit Response", "result":"SYNCER_OK"}
{"logTime": "0326/133245", "correlationVector":"VnpvhqvYMSK09EhxrkaXsA","action":"Commit Request", "result":""}
{"logTime": "0326/133246", "correlationVector":"VnpvhqvYMSK09EhxrkaXsA.1","action":"SyncServerConnectionManagerRequest", "result":"SYNC_SERVER_OK", "context":{"environment":"48F630A6-CB1B-4CC7-86AF-0F6627234B58|106", "server":"SG2PEPF00000CA1"}}
{"logTime": "0326/133246", "correlationVector":"VnpvhqvYMSK09EhxrkaXsA.2","action":"Commit Response", "result":"SYNCER_OK"}
{"logTime": "0326/133341", "correlationVector":"OMGq/WeorcfVCXUXjowemi","action":"Commit Request", "result":""}
{"logTime": "0326/133342", "correlationVector":"OMGq/WeorcfVCXUXjowemi.1","action":"SyncServerConnectionManagerRequest", "result":"SYNC_SERVER_OK", "context":{"environment":"48F630A6-CB1B-4CC7-86AF-0F6627234B58|106", "server":"SG2PEPF00000CA1"}}
{"logTime": "0326/133342", "correlationVector":"OMGq/WeorcfVCXUXjowemi.2","action":"Commit Response", "result":"SYNCER_OK"}
{"logTime": "0326/133424", "correlationVector":"FdOl33JavCfahwB5jmHHA6","action":"Commit Request", "result":""}
{"logTime": "0326/133425", "correlationVector":"FdOl33JavCfahwB5jmHHA6.1","action":"SyncServerConnectionManagerRequest", "result":"SYNC_SERVER_OK", "context":{"environment":"48F630A6-CB1B-4CC7-86AF-0F6627234B58|106", "server":"SG2PEPF00000CA1"}}
{"logTime": "0326/133425", "correlationVector":"FdOl33JavCfahwB5jmHHA6.2","action":"Commit Response", "result":"SYNCER_OK"}
{"logTime": "0326/133811", "correlationVector":"AUYItDHGDSo+P4xVROTrvT","action":"Commit Request", "result":""}
{"logTime": "0326/133812", "correlationVector":"AUYItDHGDSo+P4xVROTrvT.1","action":"SyncServerConnectionManagerRequest", "result":"SYNC_SERVER_OK", "context":{"environment":"48F630A6-CB1B-4CC7-86AF-0F6627234B58|106", "server":"SG2PEPF00000CC7"}}
{"logTime": "0326/133812", "correlationVector":"AUYItDHGDSo+P4xVROTrvT.2","action":"Commit Response", "result":"SYNCER_OK"}
{"logTime": "0326/133944", "correlationVector":"hekWNKhVW501JQLHqah35y","action":"Commit Request", "result":""}
{"logTime": "0326/133944", "correlationVector":"hekWNKhVW501JQLHqah35y.1","action":"SyncServerConnectionManagerRequest", "result":"SYNC_SERVER_OK", "context":{"environment":"48F630A6-CB1B-4CC7-86AF-0F6627234B58|106", "server":"SG2PEPF00000CC7"}}
{"logTime": "0326/133944", "correlationVector":"hekWNKhVW501JQLHqah35y.2","action":"Commit Response", "result":"SYNCER_OK"}
{"logTime": "0326/134144", "correlationVector":"OKqG95ANkE3uE76Gyh5YLA","action":"Commit Request", "result":""}
{"logTime": "0326/134145", "correlationVector":"OKqG95ANkE3uE76Gyh5YLA.1","action":"SyncServerConnectionManagerRequest", "result":"SYNC_SERVER_OK", "context":{"environment":"48F630A6-CB1B-4CC7-86AF-0F6627234B58|106", "server":"SG2PEPF00000CC7"}}
{"logTime": "0326/134145", "correlationVector":"OKqG95ANkE3uE76Gyh5YLA.2","action":"Commit Response", "result":"SYNCER_OK"}
{"logTime": "0326/134250", "correlationVector":"fjZSy76Y8gGKHcjJm5PutR","action":"Commit Request", "result":""}
{"logTime": "0326/134251", "correlationVector":"fjZSy76Y8gGKHcjJm5PutR.1","action":"SyncServerConnectionManagerRequest", "result":"SYNC_SERVER_OK", "context":{"environment":"48F630A6-CB1B-4CC7-86AF-0F6627234B58|106", "server":"SG2PEPF00000CC7"}}
{"logTime": "0326/134251", "correlationVector":"fjZSy76Y8gGKHcjJm5PutR.2","action":"Commit Response", "result":"SYNCER_OK"}
{"logTime": "0326/134326", "correlationVector":"2QM9PognIFA4xgIGIAxG1e","action":"Commit Request", "result":""}
{"logTime": "0326/134326", "correlationVector":"2QM9PognIFA4xgIGIAxG1e.1","action":"SyncServerConnectionManagerRequest", "result":"SYNC_SERVER_OK", "context":{"environment":"48F630A6-CB1B-4CC7-86AF-0F6627234B58|106", "server":"SG2PEPF00000CC7"}}
{"logTime": "0326/134326", "correlationVector":"2QM9PognIFA4xgIGIAxG1e.2","action":"Commit Response", "result":"SYNCER_OK"}
{"logTime": "0326/134617", "correlationVector":"3UaX4gE9JGsDE8Xi4PZSxm","action":"Commit Request", "result":""}
{"logTime": "0326/134618", "correlationVector":"3UaX4gE9JGsDE8Xi4PZSxm.1","action":"SyncServerConnectionManagerRequest", "result":"SYNC_SERVER_OK", "context":{"environment":"48F630A6-CB1B-4CC7-86AF-0F6627234B58|106", "server":"SG2PEPF00000CA3"}}
{"logTime": "0326/134618", "correlationVector":"3UaX4gE9JGsDE8Xi4PZSxm.2","action":"Commit Response", "result":"SYNCER_OK"}
{"logTime": "0326/134920", "correlationVector":"3fsltLHMjKo5okkYKl21ub","action":"Commit Request", "result":""}
{"logTime": "0326/134922", "correlationVector":"3fsltLHMjKo5okkYKl21ub.1","action":"SyncServerConnectionManagerRequest", "result":"SYNC_SERVER_OK", "context":{"environment":"48F630A6-CB1B-4CC7-86AF-0F6627234B58|106", "server":"SG2PEPF00000CB1"}}
{"logTime": "0326/134922", "correlationVector":"3fsltLHMjKo5okkYKl21ub.2","action":"Commit Response", "result":"SYNCER_OK"}
{"logTime": "0326/134922", "correlationVector":"7hg0OXoxj25hRwqPbPH1vK","action":"Commit Request", "result":""}
{"logTime": "0326/134923", "correlationVector":"7hg0OXoxj25hRwqPbPH1vK.1","action":"SyncServerConnectionManagerRequest", "result":"SYNC_SERVER_OK", "context":{"environment":"48F630A6-CB1B-4CC7-86AF-0F6627234B58|106", "server":"SG2PEPF00000CB1"}}
{"logTime": "0326/134923", "correlationVector":"7hg0OXoxj25hRwqPbPH1vK.2","action":"Commit Response", "result":"SYNCER_OK"}
{"logTime": "0326/135325", "correlationVector":"es9E8453C4bZ7J30QIUhSM","action":"Commit Request", "result":""}
{"logTime": "0326/135325", "correlationVector":"es9E8453C4bZ7J30QIUhSM.1","action":"SyncServerConnectionManagerRequest", "result":"SYNC_SERVER_OK", "context":{"environment":"48F630A6-CB1B-4CC7-86AF-0F6627234B58|106", "server":"SG2PEPF00000CB3"}}
{"logTime": "0326/135325", "correlationVector":"es9E8453C4bZ7J30QIUhSM.2","action":"Commit Response", "result":"SYNCER_OK"}
{"logTime": "0326/135658", "correlationVector":"2iDG9bf+m9TW8N0SInMZrv","action":"Commit Request", "result":""}
{"logTime": "0326/135658", "correlationVector":"2iDG9bf+m9TW8N0SInMZrv.1","action":"SyncServerConnectionManagerRequest", "result":"SYNC_SERVER_OK", "context":{"environment":"48F630A6-CB1B-4CC7-86AF-0F6627234B58|106", "server":"SG2PEPF00000C9A"}}
{"logTime": "0326/135658", "correlationVector":"2iDG9bf+m9TW8N0SInMZrv.2","action":"Commit Response", "result":"SYNCER_OK"}
{"logTime": "0326/135919", "correlationVector":"7mOBIu4nmlvCgqvk5P9+S1","action":"Commit Request", "result":""}
{"logTime": "0326/135921", "correlationVector":"7mOBIu4nmlvCgqvk5P9+S1.1","action":"SyncServerConnectionManagerRequest", "result":"SYNC_SERVER_OK", "context":{"environment":"48F630A6-CB1B-4CC7-86AF-0F6627234B58|106", "server":"SG2PEPF00000C90"}}
{"logTime": "0326/135921", "correlationVector":"7mOBIu4nmlvCgqvk5P9+S1.2","action":"Commit Response", "result":"SYNCER_OK"}
{"logTime": "0326/140008", "correlationVector":"ehpRRCyMl4k0E5Cz9hmvDn","action":"Commit Request", "result":""}
{"logTime": "0326/140009", "correlationVector":"ehpRRCyMl4k0E5Cz9hmvDn.1","action":"SyncServerConnectionManagerRequest", "result":"SYNC_SERVER_OK", "context":{"environment":"48F630A6-CB1B-4CC7-86AF-0F6627234B58|106", "server":"SG2PEPF00000C90"}}
{"logTime": "0326/140009", "correlationVector":"ehpRRCyMl4k0E5Cz9hmvDn.2","action":"Commit Response", "result":"SYNCER_OK"}
{"logTime": "0326/140046", "correlationVector":"VWJlP2ydI4ClXpLb+bCpNK","action":"Commit Request", "result":""}
{"logTime": "0326/140047", "correlationVector":"VWJlP2ydI4ClXpLb+bCpNK.1","action":"SyncServerConnectionManagerRequest", "result":"SYNC_SERVER_OK", "context":{"environment":"48F630A6-CB1B-4CC7-86AF-0F6627234B58|106", "server":"SG2PEPF00000C90"}}
{"logTime": "0326/140047", "correlationVector":"VWJlP2ydI4ClXpLb+bCpNK.2","action":"Commit Response", "result":"SYNCER_OK"}
{"logTime": "0326/140120", "correlationVector":"L6lL5tTWyY/29p1ZiBEy8w","action":"Commit Request", "result":""}
{"logTime": "0326/140121", "correlationVector":"L6lL5tTWyY/29p1ZiBEy8w.1","action":"SyncServerConnectionManagerRequest", "result":"SYNC_SERVER_OK", "context":{"environment":"48F630A6-CB1B-4CC7-86AF-0F6627234B58|106", "server":"SG2PEPF00000C90"}}
{"logTime": "0326/140121", "correlationVector":"L6lL5tTWyY/29p1ZiBEy8w.2","action":"Commit Response", "result":"SYNCER_OK"}
{"logTime": "0326/140413", "correlationVector":"Oe473cgRV88aOQVcZfl9l3","action":"Commit Request", "result":""}
{"logTime": "0326/140414", "correlationVector":"Oe473cgRV88aOQVcZfl9l3.1","action":"SyncServerConnectionManagerRequest", "result":"SYNC_SERVER_OK", "context":{"environment":"48F630A6-CB1B-4CC7-86AF-0F6627234B58|106", "server":"SG2PEPF00000CAB"}}
{"logTime": "0326/140414", "correlationVector":"Oe473cgRV88aOQVcZfl9l3.2","action":"Commit Response", "result":"SYNCER_OK"}
{"logTime": "0326/140443", "correlationVector":"6UV4VqZRrs2ye3NwlOLeoV","action":"Commit Request", "result":""}
{"logTime": "0326/140444", "correlationVector":"6UV4VqZRrs2ye3NwlOLeoV.1","action":"SyncServerConnectionManagerRequest", "result":"SYNC_SERVER_OK", "context":{"environment":"48F630A6-CB1B-4CC7-86AF-0F6627234B58|106", "server":"SG2PEPF00000CAB"}}
{"logTime": "0326/140444", "correlationVector":"6UV4VqZRrs2ye3NwlOLeoV.2","action":"Commit Response", "result":"SYNCER_OK"}
{"logTime": "0326/140444", "correlationVector":"7aPE5K49SkiI9c170lU5y1","action":"Commit Request", "result":""}
{"logTime": "0326/140445", "correlationVector":"7aPE5K49SkiI9c170lU5y1.1","action":"SyncServerConnectionManagerRequest", "result":"SYNC_SERVER_OK", "context":{"environment":"48F630A6-CB1B-4CC7-86AF-0F6627234B58|106", "server":"SG2PEPF00000CAB"}}
{"logTime": "0326/140445", "correlationVector":"7aPE5K49SkiI9c170lU5y1.2","action":"Commit Response", "result":"SYNCER_OK"}
{"logTime": "0326/140448", "correlationVector":"A6XLQej10/eOkYCCWWHt0d","action":"Commit Request", "result":""}
{"logTime": "0326/140448", "correlationVector":"A6XLQej10/eOkYCCWWHt0d.1","action":"SyncServerConnectionManagerRequest", "result":"SYNC_SERVER_OK", "context":{"environment":"48F630A6-CB1B-4CC7-86AF-0F6627234B58|106", "server":"SG2PEPF00000CAB"}}
{"logTime": "0326/140448", "correlationVector":"A6XLQej10/eOkYCCWWHt0d.2","action":"Commit Response", "result":"SYNCER_OK"}
{"logTime": "0326/140448", "correlationVector":"Ht55rKJEio5FrvYjJ1/mTZ","action":"Commit Request", "result":""}
{"logTime": "0326/140449", "correlationVector":"Ht55rKJEio5FrvYjJ1/mTZ.1","action":"SyncServerConnectionManagerRequest", "result":"SYNC_SERVER_OK", "context":{"environment":"48F630A6-CB1B-4CC7-86AF-0F6627234B58|106", "server":"SG2PEPF00000CAB"}}
{"logTime": "0326/140449", "correlationVector":"Ht55rKJEio5FrvYjJ1/mTZ.2","action":"Commit Response", "result":"SYNCER_OK"}
{"logTime": "0326/140610", "correlationVector":"MLN7iFzyBlLRmddu8cX22K","action":"Commit Request", "result":""}
{"logTime": "0326/140611", "correlationVector":"MLN7iFzyBlLRmddu8cX22K.1","action":"SyncServerConnectionManagerRequest", "result":"SYNC_SERVER_OK", "context":{"environment":"48F630A6-CB1B-4CC7-86AF-0F6627234B58|106", "server":"SG2PEPF00000CAB"}}
{"logTime": "0326/140611", "correlationVector":"MLN7iFzyBlLRmddu8cX22K.2","action":"Commit Response", "result":"SYNCER_OK"}
{"logTime": "0326/141519", "correlationVector":"ksfoEqXeDEWX4T5sVc3RNN.0","action":"FeedSettingFetch_homeCloud", "result":"0", "context":{}}
{"logTime": "0326/141527", "correlationVector":"yjjwCEXncYtsyZiT1aHumd","action":"Normal GetUpdate request", "result":""}
{"logTime": "0326/141527", "correlationVector":"yjjwCEXncYtsyZiT1aHumd.1","action":"SyncServerConnectionManagerRequest", "result":"SYNC_SERVER_OK", "context":{"environment":"48F630A6-CB1B-4CC7-86AF-0F6627234B58|106", "server":"SG2PEPF00000CBA"}}
{"logTime": "0326/141527", "correlationVector":"yjjwCEXncYtsyZiT1aHumd.2","action":"GetUpdates Response", "result":"SYNCER_OK"}
{"logTime": "0326/141527", "correlationVector":"34QGIUu55Cq3RGR1Z4cfUJ","action":"Commit Request", "result":""}
{"logTime": "0326/141529", "correlationVector":"34QGIUu55Cq3RGR1Z4cfUJ.1","action":"SyncServerConnectionManagerRequest", "result":"SYNC_SERVER_OK", "context":{"environment":"48F630A6-CB1B-4CC7-86AF-0F6627234B58|106", "server":"SG2PEPF00000CBA"}}
{"logTime": "0326/141529", "correlationVector":"34QGIUu55Cq3RGR1Z4cfUJ.2","action":"Commit Response", "result":"SYNCER_OK"}
{"logTime": "0326/141559", "correlationVector":"o3DeHovD5SSLidjB8L2XBw","action":"Commit Request", "result":""}
{"logTime": "0326/141600", "correlationVector":"o3DeHovD5SSLidjB8L2XBw.1","action":"SyncServerConnectionManagerRequest", "result":"SYNC_SERVER_OK", "context":{"environment":"48F630A6-CB1B-4CC7-86AF-0F6627234B58|106", "server":"SG2PEPF00000CBA"}}
{"logTime": "0326/141600", "correlationVector":"o3DeHovD5SSLidjB8L2XBw.2","action":"Commit Response", "result":"SYNCER_OK"}
{"logTime": "0326/142059", "correlationVector":"Yl5XeUPxejXUuWPwoqh6Pj","action":"Commit Request", "result":""}
{"logTime": "0326/142100", "correlationVector":"Yl5XeUPxejXUuWPwoqh6Pj.1","action":"SyncServerConnectionManagerRequest", "result":"SYNC_SERVER_OK", "context":{"environment":"48F630A6-CB1B-4CC7-86AF-0F6627234B58|106", "server":"SG2PEPF00000CB7"}}
{"logTime": "0326/142100", "correlationVector":"Yl5XeUPxejXUuWPwoqh6Pj.2","action":"Commit Response", "result":"SYNCER_OK"}
{"logTime": "0326/142135", "correlationVector":"8sGRBrETwmRmSmc36q9CuD","action":"Commit Request", "result":""}
{"logTime": "0326/142136", "correlationVector":"8sGRBrETwmRmSmc36q9CuD.1","action":"SyncServerConnectionManagerRequest", "result":"SYNC_SERVER_OK", "context":{"environment":"48F630A6-CB1B-4CC7-86AF-0F6627234B58|106", "server":"SG2PEPF00000CB7"}}
{"logTime": "0326/142136", "correlationVector":"8sGRBrETwmRmSmc36q9CuD.2","action":"Commit Response", "result":"SYNCER_OK"}
{"logTime": "0326/142515", "correlationVector":"IEyhOKaG9E5z/SALvyEbHv.0","action":"FeedSettingFetch_homeCloud", "result":"0", "context":{}}
{"logTime": "0326/142522", "correlationVector":"z83h/BN4sgD1aUmIrzR+le","action":"Normal GetUpdate request", "result":""}
{"logTime": "0326/142522", "correlationVector":"z83h/BN4sgD1aUmIrzR+le.1","action":"SyncServerConnectionManagerRequest", "result":"SYNC_SERVER_OK", "context":{"environment":"48F630A6-CB1B-4CC7-86AF-0F6627234B58|106", "server":"SG2PEPF00000C9C"}}
{"logTime": "0326/142523", "correlationVector":"z83h/BN4sgD1aUmIrzR+le.2","action":"GetUpdates Response", "result":"SYNCER_OK"}
{"logTime": "0326/142523", "correlationVector":"QclbVIliCZKH3l2yLpuMcu","action":"Commit Request", "result":""}
{"logTime": "0326/142524", "correlationVector":"QclbVIliCZKH3l2yLpuMcu.1","action":"SyncServerConnectionManagerRequest", "result":"SYNC_SERVER_OK", "context":{"environment":"48F630A6-CB1B-4CC7-86AF-0F6627234B58|106", "server":"SG2PEPF00000C9C"}}
{"logTime": "0326/142524", "correlationVector":"QclbVIliCZKH3l2yLpuMcu.2","action":"Commit Response", "result":"SYNCER_OK"}
{"logTime": "0326/142554", "correlationVector":"yydJjto6fNpj6piUwhxPhz","action":"Commit Request", "result":""}
{"logTime": "0326/142555", "correlationVector":"yydJjto6fNpj6piUwhxPhz.1","action":"SyncServerConnectionManagerRequest", "result":"SYNC_SERVER_OK", "context":{"environment":"48F630A6-CB1B-4CC7-86AF-0F6627234B58|106", "server":"SG2PEPF00000C9C"}}
{"logTime": "0326/142555", "correlationVector":"yydJjto6fNpj6piUwhxPhz.2","action":"Commit Response", "result":"SYNCER_OK"}
{"logTime": "0326/142656", "correlationVector":"w1SkLnVUnve2vA4A1WvR4Q","action":"Commit Request", "result":""}
{"logTime": "0326/142658", "correlationVector":"w1SkLnVUnve2vA4A1WvR4Q.1","action":"SyncServerConnectionManagerRequest", "result":"SYNC_SERVER_OK", "context":{"environment":"48F630A6-CB1B-4CC7-86AF-0F6627234B58|106", "server":"SG2PEPF00000C9C"}}
{"logTime": "0326/142658", "correlationVector":"w1SkLnVUnve2vA4A1WvR4Q.2","action":"Commit Response", "result":"SYNCER_OK"}
{"logTime": "0326/142700", "correlationVector":"vZ0tcarP/vkUh8rW1EeeHD","action":"Commit Request", "result":""}
{"logTime": "0326/142700", "correlationVector":"vZ0tcarP/vkUh8rW1EeeHD.1","action":"SyncServerConnectionManagerRequest", "result":"SYNC_SERVER_OK", "context":{"environment":"48F630A6-CB1B-4CC7-86AF-0F6627234B58", "server":"SG2PEPF00000C9C"}}
{"logTime": "0326/142700", "correlationVector":"vZ0tcarP/vkUh8rW1EeeHD.2","action":"Commit Response", "result":"SYNCER_OK"}
{"logTime": "0326/142736", "correlationVector":"F2VWA1ayCr8CRMpx96QdWn","action":"Commit Request", "result":""}
{"logTime": "0326/142736", "correlationVector":"F2VWA1ayCr8CRMpx96QdWn.1","action":"SyncServerConnectionManagerRequest", "result":"SYNC_SERVER_OK", "context":{"environment":"48F630A6-CB1B-4CC7-86AF-0F6627234B58|106", "server":"SG2PEPF00000C9C"}}
{"logTime": "0326/142736", "correlationVector":"F2VWA1ayCr8CRMpx96QdWn.2","action":"Commit Response", "result":"SYNCER_OK"}
{"logTime": "0326/142910", "correlationVector":"C+5b9PWfkrq3FJlNZhlKSd","action":"Commit Request", "result":""}
{"logTime": "0326/142912", "correlationVector":"C+5b9PWfkrq3FJlNZhlKSd.1","action":"SyncServerConnectionManagerRequest", "result":"SYNC_SERVER_OK", "context":{"environment":"48F630A6-CB1B-4CC7-86AF-0F6627234B58|106", "server":"SG2PEPF00000C9C"}}
{"logTime": "0326/142912", "correlationVector":"C+5b9PWfkrq3FJlNZhlKSd.2","action":"Commit Response", "result":"SYNCER_OK"}
{"logTime": "0326/142944", "correlationVector":"RUVAGpm5CC880z7zpzsKAj","action":"Commit Request", "result":""}
{"logTime": "0326/142945", "correlationVector":"RUVAGpm5CC880z7zpzsKAj.1","action":"SyncServerConnectionManagerRequest", "result":"SYNC_SERVER_OK", "context":{"environment":"48F630A6-CB1B-4CC7-86AF-0F6627234B58|106", "server":"SG2PEPF00000C9C"}}
{"logTime": "0326/142945", "correlationVector":"RUVAGpm5CC880z7zpzsKAj.2","action":"Commit Response", "result":"SYNCER_OK"}
{"logTime": "0327/025207", "correlationVector":"Oz1Zfaeks79CHRk/W1v9aM.0","action":"FeedSettingFetch_homeCloud", "result":"0", "context":{}}
{"logTime": "0327/025215", "correlationVector":"HcbSYnuGFmu7+pDMZXH77G","action":"Initial GetUpdates", "result":""}
{"logTime": "0327/025219", "correlationVector":"HcbSYnuGFmu7+pDMZXH77G.1","action":"SyncServerConnectionManagerRequest", "result":"SYNC_SERVER_OK", "context":{"environment":"48F630A6-CB1B-4CC7-86AF-0F6627234B58|106", "server":"SG2PEPF00000C91"}}
{"logTime": "0327/025219", "correlationVector":"HcbSYnuGFmu7+pDMZXH77G.2","action":"GetUpdates Response", "result":"SERVER_MORE_TO_DOWNLOAD"}
{"logTime": "0327/025219", "correlationVector":"yrcnWjzDXU7aEhPqK1nK5S","action":"Initial GetUpdates", "result":""}
{"logTime": "0327/025220", "correlationVector":"yrcnWjzDXU7aEhPqK1nK5S.1","action":"SyncServerConnectionManagerRequest", "result":"SYNC_SERVER_OK", "context":{"environment":"48F630A6-CB1B-4CC7-86AF-0F6627234B58|106", "server":"SG2PEPF00000C91"}}
{"logTime": "0327/025220", "correlationVector":"yrcnWjzDXU7aEhPqK1nK5S.2","action":"GetUpdates Response", "result":"SERVER_MORE_TO_DOWNLOAD"}
{"logTime": "0327/025220", "correlationVector":"3/CJ71ojSvrtCfGCRpE9OA","action":"Initial GetUpdates", "result":""}
{"logTime": "0327/025220", "correlationVector":"3/CJ71ojSvrtCfGCRpE9OA.1","action":"SyncServerConnectionManagerRequest", "result":"SYNC_SERVER_OK", "context":{"environment":"48F630A6-CB1B-4CC7-86AF-0F6627234B58|106", "server":"SG2PEPF00000C91"}}
{"logTime": "0327/025220", "correlationVector":"3/CJ71ojSvrtCfGCRpE9OA.2","action":"GetUpdates Response", "result":"SERVER_MORE_TO_DOWNLOAD"}
{"logTime": "0327/025220", "correlationVector":"4golOh9423VIUY3zHeeTgF","action":"Initial GetUpdates", "result":""}
{"logTime": "0327/025221", "correlationVector":"4golOh9423VIUY3zHeeTgF.1","action":"SyncServerConnectionManagerRequest", "result":"SYNC_SERVER_OK", "context":{"environment":"48F630A6-CB1B-4CC7-86AF-0F6627234B58|106", "server":"SG2PEPF00000C91"}}
{"logTime": "0327/025221", "correlationVector":"4golOh9423VIUY3zHeeTgF.2","action":"GetUpdates Response", "result":"SERVER_MORE_TO_DOWNLOAD"}
{"logTime": "0327/025221", "correlationVector":"4caaYtjKzWw1MOI5aIBFLI","action":"Initial GetUpdates", "result":""}
{"logTime": "0327/025221", "correlationVector":"4caaYtjKzWw1MOI5aIBFLI.1","action":"SyncServerConnectionManagerRequest", "result":"SYNC_SERVER_OK", "context":{"environment":"48F630A6-CB1B-4CC7-86AF-0F6627234B58|106", "server":"SG2PEPF00000C91"}}
{"logTime": "0327/025221", "correlationVector":"4caaYtjKzWw1MOI5aIBFLI.2","action":"GetUpdates Response", "result":"SYNCER_OK"}
{"logTime": "0327/025221", "correlationVector":"Oky1zpSI+FkWj4JrqQAxV9","action":"Normal GetUpdate request", "result":""}
{"logTime": "0327/025222", "correlationVector":"Oky1zpSI+FkWj4JrqQAxV9.1","action":"SyncServerConnectionManagerRequest", "result":"SYNC_SERVER_OK", "context":{"environment":"48F630A6-CB1B-4CC7-86AF-0F6627234B58|106", "server":"SG2PEPF00000C91"}}
{"logTime": "0327/025222", "correlationVector":"Oky1zpSI+FkWj4JrqQAxV9.2","action":"GetUpdates Response", "result":"SERVER_MORE_TO_DOWNLOAD"}
{"logTime": "0327/025222", "correlationVector":"v27BYcebSCGbHhILipkGEs","action":"Normal GetUpdate request", "result":""}
{"logTime": "0327/025222", "correlationVector":"v27BYcebSCGbHhILipkGEs.1","action":"SyncServerConnectionManagerRequest", "result":"SYNC_SERVER_OK", "context":{"environment":"48F630A6-CB1B-4CC7-86AF-0F6627234B58|106", "server":"SG2PEPF00000C91"}}
{"logTime": "0327/025222", "correlationVector":"v27BYcebSCGbHhILipkGEs.2","action":"GetUpdates Response", "result":"SYNCER_OK"}
{"logTime": "0327/025222", "correlationVector":"wrdltQ0hVtolW39YsRt8p1","action":"Commit Request", "result":""}
{"logTime": "0327/025227", "correlationVector":"wrdltQ0hVtolW39YsRt8p1.1","action":"SyncServerConnectionManagerRequest", "result":"SYNC_SERVER_OK", "context":{"environment":"48F630A6-CB1B-4CC7-86AF-0F6627234B58|106", "server":"SG2PEPF00000C91"}}
{"logTime": "0327/025227", "correlationVector":"wrdltQ0hVtolW39YsRt8p1.2","action":"Commit Response", "result":"SYNCER_OK"}
{"logTime": "0327/025227", "correlationVector":"YiwmYtCMxIj0BCWv/BguVa","action":"Commit Request", "result":""}
{"logTime": "0327/025228", "correlationVector":"YiwmYtCMxIj0BCWv/BguVa.1","action":"SyncServerConnectionManagerRequest", "result":"SYNC_SERVER_OK", "context":{"environment":"48F630A6-CB1B-4CC7-86AF-0F6627234B58|106", "server":"SG2PEPF00000C91"}}
{"logTime": "0327/025228", "correlationVector":"YiwmYtCMxIj0BCWv/BguVa.2","action":"Commit Response", "result":"SYNCER_OK"}
{"logTime": "0327/025510", "correlationVector":"u0tiuwqVZyAOyQalqd9wF4","action":"Commit Request", "result":""}
{"logTime": "0327/025511", "correlationVector":"u0tiuwqVZyAOyQalqd9wF4.1","action":"SyncServerConnectionManagerRequest", "result":"SYNC_SERVER_OK", "context":{"environment":"48F630A6-CB1B-4CC7-86AF-0F6627234B58|106", "server":"SG2PEPF00000C8C"}}
{"logTime": "0327/025511", "correlationVector":"u0tiuwqVZyAOyQalqd9wF4.2","action":"Commit Response", "result":"SYNCER_OK"}
{"logTime": "0327/025953", "correlationVector":"kn+FylYxDRGXbmuGYHhl4P","action":"Commit Request", "result":""}
{"logTime": "0327/025953", "correlationVector":"kn+FylYxDRGXbmuGYHhl4P.1","action":"SyncServerConnectionManagerRequest", "result":"SYNC_SERVER_OK", "context":{"environment":"48F630A6-CB1B-4CC7-86AF-0F6627234B58|106", "server":"SG2PEPF00000CB9"}}
{"logTime": "0327/025953", "correlationVector":"kn+FylYxDRGXbmuGYHhl4P.2","action":"Commit Response", "result":"SYNCER_OK"}
{"logTime": "0327/030500", "correlationVector":"00EvUjx/s5+t8Q85p+5L3G","action":"Commit Request", "result":""}
{"logTime": "0327/030501", "correlationVector":"00EvUjx/s5+t8Q85p+5L3G.1","action":"SyncServerConnectionManagerRequest", "result":"SYNC_SERVER_OK", "context":{"environment":"48F630A6-CB1B-4CC7-86AF-0F6627234B58|106", "server":"SG2PEPF00000CCA"}}
{"logTime": "0327/030501", "correlationVector":"00EvUjx/s5+t8Q85p+5L3G.2","action":"Commit Response", "result":"SYNCER_OK"}
{"logTime": "0327/030827", "correlationVector":"EhOWBArL6hKvEfgtKaTiAT","action":"Commit Request", "result":""}
{"logTime": "0327/030827", "correlationVector":"EhOWBArL6hKvEfgtKaTiAT.1","action":"SyncServerConnectionManagerRequest", "result":"SYNC_SERVER_OK", "context":{"environment":"48F630A6-CB1B-4CC7-86AF-0F6627234B58|106", "server":"SG2PEPF00000CB2"}}
{"logTime": "0327/030827", "correlationVector":"EhOWBArL6hKvEfgtKaTiAT.2","action":"Commit Response", "result":"SYNCER_OK"}
{"logTime": "0327/031109", "correlationVector":"+iq7+79md1R6y3MhI+R2wJ","action":"Commit Request", "result":""}
{"logTime": "0327/031110", "correlationVector":"+iq7+79md1R6y3MhI+R2wJ.1","action":"SyncServerConnectionManagerRequest", "result":"SYNC_SERVER_OK", "context":{"environment":"48F630A6-CB1B-4CC7-86AF-0F6627234B58|106", "server":"SG2PEPF00000CC8"}}
{"logTime": "0327/031110", "correlationVector":"+iq7+79md1R6y3MhI+R2wJ.2","action":"Commit Response", "result":"SYNCER_OK"}
{"logTime": "0327/031719", "correlationVector":"zjI02WPeenlUWMYLqLdSmH","action":"Commit Request", "result":""}
{"logTime": "0327/031720", "correlationVector":"zjI02WPeenlUWMYLqLdSmH.1","action":"SyncServerConnectionManagerRequest", "result":"SYNC_SERVER_OK", "context":{"environment":"48F630A6-CB1B-4CC7-86AF-0F6627234B58|106", "server":"SG2PEPF00000C97"}}
{"logTime": "0327/031720", "correlationVector":"zjI02WPeenlUWMYLqLdSmH.2","action":"Commit Response", "result":"SYNCER_OK"}
{"logTime": "0327/031814", "correlationVector":"z0b1D3nZpET6L6RqPp5PQP","action":"Commit Request", "result":""}
{"logTime": "0327/031815", "correlationVector":"z0b1D3nZpET6L6RqPp5PQP.1","action":"SyncServerConnectionManagerRequest", "result":"SYNC_SERVER_OK", "context":{"environment":"48F630A6-CB1B-4CC7-86AF-0F6627234B58|106", "server":"SG2PEPF00000C97"}}
{"logTime": "0327/031815", "correlationVector":"z0b1D3nZpET6L6RqPp5PQP.2","action":"Commit Response", "result":"SYNCER_OK"}
{"logTime": "0327/031906", "correlationVector":"eaxiEUqP2Cq1YTOGwDZQPn","action":"Commit Request", "result":""}
{"logTime": "0327/031907", "correlationVector":"eaxiEUqP2Cq1YTOGwDZQPn.1","action":"SyncServerConnectionManagerRequest", "result":"SYNC_SERVER_OK", "context":{"environment":"48F630A6-CB1B-4CC7-86AF-0F6627234B58|106", "server":"SG2PEPF00000C97"}}
{"logTime": "0327/031907", "correlationVector":"eaxiEUqP2Cq1YTOGwDZQPn.2","action":"Commit Response", "result":"SYNCER_OK"}
{"logTime": "0327/031939", "correlationVector":"2iNWZ/1ZF3F3E5C3Vfx3f8","action":"Commit Request", "result":""}
{"logTime": "0327/031940", "correlationVector":"2iNWZ/1ZF3F3E5C3Vfx3f8.1","action":"SyncServerConnectionManagerRequest", "result":"SYNC_SERVER_OK", "context":{"environment":"48F630A6-CB1B-4CC7-86AF-0F6627234B58|106", "server":"SG2PEPF00000C97"}}
{"logTime": "0327/031940", "correlationVector":"2iNWZ/1ZF3F3E5C3Vfx3f8.2","action":"Commit Response", "result":"SYNCER_OK"}
{"logTime": "0327/032206", "correlationVector":"vj1Ju0VLZao8fZ9tkF7O00","action":"Commit Request", "result":""}
{"logTime": "0327/032206", "correlationVector":"vj1Ju0VLZao8fZ9tkF7O00.1","action":"SyncServerConnectionManagerRequest", "result":"SYNC_SERVER_OK", "context":{"environment":"48F630A6-CB1B-4CC7-86AF-0F6627234B58|106", "server":"SG2PEPF00000CBB"}}
{"logTime": "0327/032206", "correlationVector":"vj1Ju0VLZao8fZ9tkF7O00.2","action":"Commit Response", "result":"SYNCER_OK"}
{"logTime": "0327/032243", "correlationVector":"UdFYFYsifG9LmuvLVf+Yp6","action":"Commit Request", "result":""}
{"logTime": "0327/032244", "correlationVector":"UdFYFYsifG9LmuvLVf+Yp6.1","action":"SyncServerConnectionManagerRequest", "result":"SYNC_SERVER_OK", "context":{"environment":"48F630A6-CB1B-4CC7-86AF-0F6627234B58|106", "server":"SG2PEPF00000CBB"}}
{"logTime": "0327/032244", "correlationVector":"UdFYFYsifG9LmuvLVf+Yp6.2","action":"Commit Response", "result":"SYNCER_OK"}
{"logTime": "0327/041804", "correlationVector":"O7ytUjKTbMLcnZHyuyF9oa","action":"Poll GetUpdate request", "result":""}
{"logTime": "0327/041804", "correlationVector":"O7ytUjKTbMLcnZHyuyF9oa.1","action":"SyncServerConnectionManagerRequest", "result":"SYNC_SERVER_OK", "context":{"environment":"48F630A6-CB1B-4CC7-86AF-0F6627234B58|106", "server":"SG2PEPF00000CC2"}}
{"logTime": "0327/041804", "correlationVector":"O7ytUjKTbMLcnZHyuyF9oa.2","action":"GetUpdates Response", "result":"SYNCER_OK"}
{"logTime": "0327/042241", "correlationVector":"O8hl9ZNtHBBFfK0YS9cEas","action":"Commit Request", "result":""}
{"logTime": "0327/042242", "correlationVector":"O8hl9ZNtHBBFfK0YS9cEas.1","action":"SyncServerConnectionManagerRequest", "result":"SYNC_SERVER_OK", "context":{"environment":"48F630A6-CB1B-4CC7-86AF-0F6627234B58|106", "server":"SG2PEPF00000CA4"}}
{"logTime": "0327/042242", "correlationVector":"O8hl9ZNtHBBFfK0YS9cEas.2","action":"Commit Response", "result":"SYNCER_OK"}
{"logTime": "0327/042938", "correlationVector":"bZdwMa8IQpDoJFCKNYT8oA","action":"Commit Request", "result":""}
{"logTime": "0327/042938", "correlationVector":"bZdwMa8IQpDoJFCKNYT8oA.1","action":"SyncServerConnectionManagerRequest", "result":"SYNC_SERVER_OK", "context":{"environment":"48F630A6-CB1B-4CC7-86AF-0F6627234B58|106", "server":"SG2PEPF00000C93"}}
{"logTime": "0327/042938", "correlationVector":"bZdwMa8IQpDoJFCKNYT8oA.2","action":"Commit Response", "result":"SYNCER_OK"}
{"logTime": "0327/043046", "correlationVector":"5mxZAXrXIlpDg1eoU7FLqb","action":"Commit Request", "result":""}
{"logTime": "0327/043047", "correlationVector":"5mxZAXrXIlpDg1eoU7FLqb.1","action":"SyncServerConnectionManagerRequest", "result":"SYNC_SERVER_OK", "context":{"environment":"48F630A6-CB1B-4CC7-86AF-0F6627234B58|106", "server":"SG2PEPF00000C93"}}
{"logTime": "0327/043047", "correlationVector":"5mxZAXrXIlpDg1eoU7FLqb.2","action":"Commit Response", "result":"SYNCER_OK"}
{"logTime": "0327/044645", "correlationVector":"Xn/2Xr2d2hCPY+8SfdZU4X","action":"Commit Request", "result":""}
{"logTime": "0327/044646", "correlationVector":"Xn/2Xr2d2hCPY+8SfdZU4X.1","action":"SyncServerConnectionManagerRequest", "result":"SYNC_SERVER_OK", "context":{"environment":"48F630A6-CB1B-4CC7-86AF-0F6627234B58|106", "server":"SG2PEPF00000C8E"}}
{"logTime": "0327/044646", "correlationVector":"Xn/2Xr2d2hCPY+8SfdZU4X.2","action":"Commit Response", "result":"SYNCER_OK"}
{"logTime": "0327/045738", "correlationVector":"IfFkHaPe436NxQRXnwUj+o","action":"Commit Request", "result":""}
{"logTime": "0327/045739", "correlationVector":"IfFkHaPe436NxQRXnwUj+o.1","action":"SyncServerConnectionManagerRequest", "result":"SYNC_SERVER_OK", "context":{"environment":"48F630A6-CB1B-4CC7-86AF-0F6627234B58|106", "server":"SG2PEPF00000C94"}}
{"logTime": "0327/045739", "correlationVector":"IfFkHaPe436NxQRXnwUj+o.2","action":"Commit Response", "result":"SYNCER_OK"}
{"logTime": "0327/045947", "correlationVector":"4xvZoq0K7dxdAZwwA04TZe","action":"Commit Request", "result":""}
{"logTime": "0327/045948", "correlationVector":"4xvZoq0K7dxdAZwwA04TZe.1","action":"SyncServerConnectionManagerRequest", "result":"SYNC_SERVER_OK", "context":{"environment":"48F630A6-CB1B-4CC7-86AF-0F6627234B58|106", "server":"SG2PEPF00000CA2"}}
{"logTime": "0327/045948", "correlationVector":"4xvZoq0K7dxdAZwwA04TZe.2","action":"Commit Response", "result":"SYNCER_OK"}
{"logTime": "0327/050429", "correlationVector":"/a15TgUMV0Up1UyXbkdw+x","action":"Commit Request", "result":""}
{"logTime": "0327/050430", "correlationVector":"/a15TgUMV0Up1UyXbkdw+x.1","action":"SyncServerConnectionManagerRequest", "result":"SYNC_SERVER_OK", "context":{"environment":"48F630A6-CB1B-4CC7-86AF-0F6627234B58|106", "server":"SG2PEPF00000CB0"}}
{"logTime": "0327/050430", "correlationVector":"/a15TgUMV0Up1UyXbkdw+x.2","action":"Commit Response", "result":"SYNCER_OK"}
{"logTime": "0327/050827", "correlationVector":"leoHdQQeKgJQ7ziy/DI0MX","action":"Commit Request", "result":""}
{"logTime": "0327/050828", "correlationVector":"leoHdQQeKgJQ7ziy/DI0MX.1","action":"SyncServerConnectionManagerRequest", "result":"SYNC_SERVER_OK", "context":{"environment":"48F630A6-CB1B-4CC7-86AF-0F6627234B58|106", "server":"SG2PEPF00000CBF"}}
{"logTime": "0327/050828", "correlationVector":"leoHdQQeKgJQ7ziy/DI0MX.2","action":"Commit Response", "result":"SYNCER_OK"}
{"logTime": "0327/051312", "correlationVector":"NXneegzkAK1WeGw43YJnKo","action":"Commit Request", "result":""}
{"logTime": "0327/051313", "correlationVector":"NXneegzkAK1WeGw43YJnKo.1","action":"SyncServerConnectionManagerRequest", "result":"SYNC_SERVER_OK", "context":{"environment":"48F630A6-CB1B-4CC7-86AF-0F6627234B58|106", "server":"SG2PEPF00000CA9"}}
{"logTime": "0327/051313", "correlationVector":"NXneegzkAK1WeGw43YJnKo.2","action":"Commit Response", "result":"SYNCER_OK"}
{"logTime": "0327/051753", "correlationVector":"iWl2KyUhkhQoz0RsTstxyn","action":"Commit Request", "result":""}
{"logTime": "0327/051754", "correlationVector":"iWl2KyUhkhQoz0RsTstxyn.1","action":"SyncServerConnectionManagerRequest", "result":"SYNC_SERVER_OK", "context":{"environment":"48F630A6-CB1B-4CC7-86AF-0F6627234B58|106", "server":"SG2PEPF00000C92"}}
{"logTime": "0327/051754", "correlationVector":"iWl2KyUhkhQoz0RsTstxyn.2","action":"Commit Response", "result":"SYNCER_OK"}
{"logTime": "0403/050659", "correlationVector":"aoDn4c5fbMAVWMZpY02UFv.0","action":"FeedSettingFetch_homeCloud", "result":"0", "context":{}}
{"logTime": "0403/050703", "correlationVector":"aoDn4c5fbMAVWMZpY02UFv.0","action":"SyncServerConnectionManagerRequest", "result":"SYNC_SERVER_OK", "context":{"environment":"", "server":""}}
{"logTime": "0403/050703", "correlationVector":"kaAqTb4h+uM8o+ksr7Cmp8","action":"Initial GetUpdates", "result":""}
{"logTime": "0403/050707", "correlationVector":"kaAqTb4h+uM8o+ksr7Cmp8.1","action":"SyncServerConnectionManagerRequest", "result":"SYNC_SERVER_OK", "context":{"environment":"48F630A6-CB1B-4CC7-86AF-0F6627234B58|106", "server":"SG2PEPF00000CA9"}}
{"logTime": "0403/050707", "correlationVector":"kaAqTb4h+uM8o+ksr7Cmp8.2","action":"GetUpdates Response", "result":"SERVER_MORE_TO_DOWNLOAD"}
{"logTime": "0403/050707", "correlationVector":"L8BfqKTIboTZzdGZIwOhrz","action":"Initial GetUpdates", "result":""}
{"logTime": "0403/050708", "correlationVector":"L8BfqKTIboTZzdGZIwOhrz.1","action":"SyncServerConnectionManagerRequest", "result":"SYNC_SERVER_OK", "context":{"environment":"48F630A6-CB1B-4CC7-86AF-0F6627234B58|106", "server":"SG2PEPF00000CA9"}}
{"logTime": "0403/050708", "correlationVector":"L8BfqKTIboTZzdGZIwOhrz.2","action":"GetUpdates Response", "result":"SERVER_MORE_TO_DOWNLOAD"}
{"logTime": "0403/050708", "correlationVector":"YAC7ZrnZFJ5zV56DZP8p/+","action":"Initial GetUpdates", "result":""}
{"logTime": "0403/050708", "correlationVector":"YAC7ZrnZFJ5zV56DZP8p/+.1","action":"SyncServerConnectionManagerRequest", "result":"SYNC_SERVER_OK", "context":{"environment":"48F630A6-CB1B-4CC7-86AF-0F6627234B58|106", "server":"SG2PEPF00000CA9"}}
{"logTime": "0403/050708", "correlationVector":"YAC7ZrnZFJ5zV56DZP8p/+.2","action":"GetUpdates Response", "result":"SERVER_MORE_TO_DOWNLOAD"}
{"logTime": "0403/050708", "correlationVector":"W7ZwT7toUW/6qBDe1CA10X","action":"Initial GetUpdates", "result":""}
{"logTime": "0403/050709", "correlationVector":"W7ZwT7toUW/6qBDe1CA10X.1","action":"SyncServerConnectionManagerRequest", "result":"SYNC_SERVER_OK", "context":{"environment":"48F630A6-CB1B-4CC7-86AF-0F6627234B58|106", "server":"SG2PEPF00000CA9"}}
{"logTime": "0403/050709", "correlationVector":"W7ZwT7toUW/6qBDe1CA10X.2","action":"GetUpdates Response", "result":"SERVER_MORE_TO_DOWNLOAD"}
{"logTime": "0403/050709", "correlationVector":"oIz/0d0VkLTXr+FG7h0hi4","action":"Initial GetUpdates", "result":""}
{"logTime": "0403/050709", "correlationVector":"oIz/0d0VkLTXr+FG7h0hi4.1","action":"SyncServerConnectionManagerRequest", "result":"SYNC_SERVER_OK", "context":{"environment":"48F630A6-CB1B-4CC7-86AF-0F6627234B58|106", "server":"SG2PEPF00000CA9"}}
{"logTime": "0403/050709", "correlationVector":"oIz/0d0VkLTXr+FG7h0hi4.2","action":"GetUpdates Response", "result":"SYNCER_OK"}
{"logTime": "0403/050709", "correlationVector":"D1loo/Inpb79Ei5LRLrL7A","action":"Normal GetUpdate request", "result":""}
{"logTime": "0403/050710", "correlationVector":"D1loo/Inpb79Ei5LRLrL7A.1","action":"SyncServerConnectionManagerRequest", "result":"SYNC_SERVER_OK", "context":{"environment":"48F630A6-CB1B-4CC7-86AF-0F6627234B58|106", "server":"SG2PEPF00000CA9"}}
{"logTime": "0403/050710", "correlationVector":"D1loo/Inpb79Ei5LRLrL7A.2","action":"GetUpdates Response", "result":"SERVER_MORE_TO_DOWNLOAD"}
{"logTime": "0403/050710", "correlationVector":"M7/mGjsqyVnZOVv1e4DcDx","action":"Normal GetUpdate request", "result":""}
{"logTime": "0403/050710", "correlationVector":"M7/mGjsqyVnZOVv1e4DcDx.1","action":"SyncServerConnectionManagerRequest", "result":"SYNC_SERVER_OK", "context":{"environment":"48F630A6-CB1B-4CC7-86AF-0F6627234B58|106", "server":"SG2PEPF00000CA9"}}
{"logTime": "0403/050710", "correlationVector":"M7/mGjsqyVnZOVv1e4DcDx.2","action":"GetUpdates Response", "result":"SYNCER_OK"}
{"logTime": "0403/050710", "correlationVector":"w84A6q/nbQT1s+xEppX6DF","action":"Commit Request", "result":""}
{"logTime": "0403/050711", "correlationVector":"w84A6q/nbQT1s+xEppX6DF.1","action":"SyncServerConnectionManagerRequest", "result":"SYNC_SERVER_OK", "context":{"environment":"48F630A6-CB1B-4CC7-86AF-0F6627234B58|106", "server":"SG2PEPF00000CA9"}}
{"logTime": "0403/050711", "correlationVector":"w84A6q/nbQT1s+xEppX6DF.2","action":"Commit Response", "result":"SYNCER_OK"}
{"logTime": "0403/050711", "correlationVector":"SWQI9iqtuj1N4dFdakhrQk","action":"Commit Request", "result":""}
{"logTime": "0403/050716", "correlationVector":"SWQI9iqtuj1N4dFdakhrQk.1","action":"SyncServerConnectionManagerRequest", "result":"SYNC_SERVER_OK", "context":{"environment":"48F630A6-CB1B-4CC7-86AF-0F6627234B58|106", "server":"SG2PEPF00000CA9"}}
{"logTime": "0403/050716", "correlationVector":"SWQI9iqtuj1N4dFdakhrQk.2","action":"Commit Response", "result":"SYNCER_OK"}
{"logTime": "0403/050716", "correlationVector":"NQUU5OqqVH0Vye3j81pJYg","action":"Commit Request", "result":""}
{"logTime": "0403/050721", "correlationVector":"NQUU5OqqVH0Vye3j81pJYg.1","action":"SyncServerConnectionManagerRequest", "result":"SYNC_SERVER_OK", "context":{"environment":"48F630A6-CB1B-4CC7-86AF-0F6627234B58|106", "server":"SG2PEPF00000CA9"}}
{"logTime": "0403/050721", "correlationVector":"NQUU5OqqVH0Vye3j81pJYg.2","action":"Commit Response", "result":"SYNCER_OK"}
{"logTime": "0403/050721", "correlationVector":"ZWjewUtAS2OIm+yoZ0Oa12","action":"Commit Request", "result":""}
{"logTime": "0403/050726", "correlationVector":"ZWjewUtAS2OIm+yoZ0Oa12.1","action":"SyncServerConnectionManagerRequest", "result":"SYNC_SERVER_OK", "context":{"environment":"48F630A6-CB1B-4CC7-86AF-0F6627234B58|106", "server":"SG2PEPF00000CA9"}}
{"logTime": "0403/050726", "correlationVector":"ZWjewUtAS2OIm+yoZ0Oa12.2","action":"Commit Response", "result":"SYNCER_OK"}
{"logTime": "0403/050726", "correlationVector":"D5i68SzB6lD5Trj8C0a528","action":"Commit Request", "result":""}
{"logTime": "0403/050727", "correlationVector":"D5i68SzB6lD5Trj8C0a528.1","action":"SyncServerConnectionManagerRequest", "result":"SYNC_SERVER_OK", "context":{"environment":"48F630A6-CB1B-4CC7-86AF-0F6627234B58|106", "server":"SG2PEPF00000CA9"}}
{"logTime": "0403/050727", "correlationVector":"D5i68SzB6lD5Trj8C0a528.2","action":"Commit Response", "result":"SYNCER_OK"}
{"logTime": "0403/050801", "correlationVector":"fB+uBLP/iMjCMjNZoZ7GUB","action":"Commit Request", "result":""}
{"logTime": "0403/050802", "correlationVector":"fB+uBLP/iMjCMjNZoZ7GUB.1","action":"SyncServerConnectionManagerRequest", "result":"SYNC_SERVER_OK", "context":{"environment":"48F630A6-CB1B-4CC7-86AF-0F6627234B58|106", "server":"SG2PEPF00000CA9"}}
{"logTime": "0403/050802", "correlationVector":"fB+uBLP/iMjCMjNZoZ7GUB.2","action":"Commit Response", "result":"SYNCER_OK"}
{"logTime": "0403/050833", "correlationVector":"e5B5beeNP7YhamOtWk443f","action":"Commit Request", "result":""}
{"logTime": "0403/050834", "correlationVector":"e5B5beeNP7YhamOtWk443f.1","action":"SyncServerConnectionManagerRequest", "result":"SYNC_SERVER_OK", "context":{"environment":"48F630A6-CB1B-4CC7-86AF-0F6627234B58|106", "server":"SG2PEPF00000CA9"}}
{"logTime": "0403/050834", "correlationVector":"e5B5beeNP7YhamOtWk443f.2","action":"Commit Response", "result":"SYNCER_OK"}
{"logTime": "0403/050905", "correlationVector":"yiIdBHxofO/KqowiFIfbk0","action":"Commit Request", "result":""}
{"logTime": "0403/050906", "correlationVector":"yiIdBHxofO/KqowiFIfbk0.1","action":"SyncServerConnectionManagerRequest", "result":"SYNC_SERVER_OK", "context":{"environment":"48F630A6-CB1B-4CC7-86AF-0F6627234B58|106", "server":"SG2PEPF00000CA9"}}
{"logTime": "0403/050906", "correlationVector":"yiIdBHxofO/KqowiFIfbk0.2","action":"Commit Response", "result":"SYNCER_OK"}
{"logTime": "0403/050911", "correlationVector":"nNjUm3eXux5ptyZnYWAnhf","action":"Poll GetUpdate request", "result":""}
{"logTime": "0403/050911", "correlationVector":"nNjUm3eXux5ptyZnYWAnhf.1","action":"SyncServerConnectionManagerRequest", "result":"SYNC_SERVER_OK", "context":{"environment":"48F630A6-CB1B-4CC7-86AF-0F6627234B58|106", "server":"SG2PEPF00000CA9"}}
{"logTime": "0403/050911", "correlationVector":"nNjUm3eXux5ptyZnYWAnhf.2","action":"GetUpdates Response", "result":"SYNCER_OK"}
{"logTime": "0403/050943", "correlationVector":"rsCKKJC5vH5Ohg1Qog+el1","action":"Commit Request", "result":""}
{"logTime": "0403/050943", "correlationVector":"rsCKKJC5vH5Ohg1Qog+el1.1","action":"SyncServerConnectionManagerRequest", "result":"SYNC_SERVER_OK", "context":{"environment":"48F630A6-CB1B-4CC7-86AF-0F6627234B58|106", "server":"SG2PEPF00000CA9"}}
{"logTime": "0403/050943", "correlationVector":"rsCKKJC5vH5Ohg1Qog+el1.2","action":"Commit Response", "result":"SYNCER_OK"}
{"logTime": "0412/072448", "correlationVector":"rdlPLNoAD8yozmW51M/kNG.0","action":"FeedSettingFetch_homeCloud", "result":"0", "context":{}}
{"logTime": "0412/072500", "correlationVector":"kw9ckOn8VKE6XIB+p5OuzJ.0","action":"FeedSettingFetch_homeCloud", "result":"0", "context":{}}
{"logTime": "0412/072509", "correlationVector":"kw9ckOn8VKE6XIB+p5OuzJ.0","action":"SyncServerConnectionManagerRequest", "result":"SYNC_SERVER_OK", "context":{"environment":"", "server":""}}
{"logTime": "0412/072509", "correlationVector":"6mAfMfac1+0xdXdXIkuyI8","action":"Initial GetUpdates", "result":""}
{"logTime": "0412/072513", "correlationVector":"6mAfMfac1+0xdXdXIkuyI8.1","action":"SyncServerConnectionManagerRequest", "result":"SYNC_SERVER_OK", "context":{"environment":"48F630A6-CB1B-4CC7-86AF-0F6627234B58|106", "server":"SG2PEPF00000C92"}}
{"logTime": "0412/072513", "correlationVector":"6mAfMfac1+0xdXdXIkuyI8.2","action":"GetUpdates Response", "result":"SERVER_MORE_TO_DOWNLOAD"}
{"logTime": "0412/072513", "correlationVector":"RyQhxR6GlafeQKEpcppAmS","action":"Initial GetUpdates", "result":""}
{"logTime": "0412/072513", "correlationVector":"RyQhxR6GlafeQKEpcppAmS.1","action":"SyncServerConnectionManagerRequest", "result":"SYNC_SERVER_OK", "context":{"environment":"48F630A6-CB1B-4CC7-86AF-0F6627234B58|106", "server":"SG2PEPF00000C92"}}
{"logTime": "0412/072513", "correlationVector":"RyQhxR6GlafeQKEpcppAmS.2","action":"GetUpdates Response", "result":"SERVER_MORE_TO_DOWNLOAD"}
{"logTime": "0412/072513", "correlationVector":"/NQTSqCsntahso2N8I1eIn","action":"Initial GetUpdates", "result":""}
{"logTime": "0412/072514", "correlationVector":"/NQTSqCsntahso2N8I1eIn.1","action":"SyncServerConnectionManagerRequest", "result":"SYNC_SERVER_OK", "context":{"environment":"48F630A6-CB1B-4CC7-86AF-0F6627234B58|106", "server":"SG2PEPF00000C92"}}
{"logTime": "0412/072514", "correlationVector":"/NQTSqCsntahso2N8I1eIn.2","action":"GetUpdates Response", "result":"SERVER_MORE_TO_DOWNLOAD"}
{"logTime": "0412/072514", "correlationVector":"JmtO9PoHEpJ65VpMqgIcVh","action":"Initial GetUpdates", "result":""}
{"logTime": "0412/072514", "correlationVector":"JmtO9PoHEpJ65VpMqgIcVh.1","action":"SyncServerConnectionManagerRequest", "result":"SYNC_SERVER_OK", "context":{"environment":"48F630A6-CB1B-4CC7-86AF-0F6627234B58|106", "server":"SG2PEPF00000C92"}}
{"logTime": "0412/072514", "correlationVector":"JmtO9PoHEpJ65VpMqgIcVh.2","action":"GetUpdates Response", "result":"SERVER_MORE_TO_DOWNLOAD"}
{"logTime": "0412/072514", "correlationVector":"Dsw8ez+dJTlpMDlOCXGgHV","action":"Initial GetUpdates", "result":""}
{"logTime": "0412/072515", "correlationVector":"Dsw8ez+dJTlpMDlOCXGgHV.1","action":"SyncServerConnectionManagerRequest", "result":"SYNC_SERVER_OK", "context":{"environment":"48F630A6-CB1B-4CC7-86AF-0F6627234B58|106", "server":"SG2PEPF00000C92"}}
{"logTime": "0412/072515", "correlationVector":"Dsw8ez+dJTlpMDlOCXGgHV.2","action":"GetUpdates Response", "result":"SYNCER_OK"}
{"logTime": "0412/072515", "correlationVector":"iZ7oNTqtpQqdHMmRZjrZd7","action":"Normal GetUpdate request", "result":""}
{"logTime": "0412/072515", "correlationVector":"iZ7oNTqtpQqdHMmRZjrZd7.1","action":"SyncServerConnectionManagerRequest", "result":"SYNC_SERVER_OK", "context":{"environment":"48F630A6-CB1B-4CC7-86AF-0F6627234B58|106", "server":"SG2PEPF00000C92"}}
{"logTime": "0412/072515", "correlationVector":"iZ7oNTqtpQqdHMmRZjrZd7.2","action":"GetUpdates Response", "result":"SYNCER_OK"}
{"logTime": "0412/072515", "correlationVector":"gEnsyD3rMah0GfIhv0ATgg","action":"Commit Request", "result":""}
{"logTime": "0412/072516", "correlationVector":"gEnsyD3rMah0GfIhv0ATgg.1","action":"SyncServerConnectionManagerRequest", "result":"SYNC_SERVER_OK", "context":{"environment":"48F630A6-CB1B-4CC7-86AF-0F6627234B58|106", "server":"SG2PEPF00000C92"}}
{"logTime": "0412/072516", "correlationVector":"gEnsyD3rMah0GfIhv0ATgg.2","action":"Commit Response", "result":"SYNCER_OK"}
{"logTime": "0412/072516", "correlationVector":"HtycQ5bjfq2IRhzIVH/LQh","action":"Commit Request", "result":""}
{"logTime": "0412/072521", "correlationVector":"HtycQ5bjfq2IRhzIVH/LQh.1","action":"SyncServerConnectionManagerRequest", "result":"SYNC_SERVER_OK", "context":{"environment":"48F630A6-CB1B-4CC7-86AF-0F6627234B58|106", "server":"SG2PEPF00000C92"}}
{"logTime": "0412/072521", "correlationVector":"HtycQ5bjfq2IRhzIVH/LQh.2","action":"Commit Response", "result":"SYNCER_OK"}
{"logTime": "0412/072521", "correlationVector":"HCf5LjKgyhpJZO/m/wZJKK","action":"Commit Request", "result":""}
{"logTime": "0412/072526", "correlationVector":"HCf5LjKgyhpJZO/m/wZJKK.1","action":"SyncServerConnectionManagerRequest", "result":"SYNC_SERVER_OK", "context":{"environment":"48F630A6-CB1B-4CC7-86AF-0F6627234B58|106", "server":"SG2PEPF00000C92"}}
{"logTime": "0412/072526", "correlationVector":"HCf5LjKgyhpJZO/m/wZJKK.2","action":"Commit Response", "result":"SYNCER_OK"}
{"logTime": "0412/072526", "correlationVector":"zVUdUF69gH+aKDYDxYmMki","action":"Commit Request", "result":""}
{"logTime": "0412/072530", "correlationVector":"zVUdUF69gH+aKDYDxYmMki","action":"SyncServerConnectionManagerRequest", "result":"CONNECTION_UNAVAILABLE", "context":{"error_type":"net_error_code", "error_value":"-3"}}
{"logTime": "0418/151230", "correlationVector":"TiNn3WOMmj8fHHmCwtm2ZD.0","action":"FeedSettingFetch_homeCloud", "result":"0", "context":{}}
{"logTime": "0418/151233", "correlationVector":"TiNn3WOMmj8fHHmCwtm2ZD.0","action":"SyncServerConnectionManagerRequest", "result":"SYNC_SERVER_OK", "context":{"environment":"", "server":""}}
{"logTime": "0418/151233", "correlationVector":"XW6e7LsC9D9YmEQLK3yIL/","action":"Initial GetUpdates", "result":""}
{"logTime": "0418/151237", "correlationVector":"XW6e7LsC9D9YmEQLK3yIL/.1","action":"SyncServerConnectionManagerRequest", "result":"SYNC_SERVER_OK", "context":{"environment":"48F630A6-CB1B-4CC7-86AF-0F6627234B58|106", "server":"SG2PEPF00000CA3"}}
{"logTime": "0418/151237", "correlationVector":"XW6e7LsC9D9YmEQLK3yIL/.2","action":"GetUpdates Response", "result":"SERVER_MORE_TO_DOWNLOAD"}
{"logTime": "0418/151237", "correlationVector":"KLn1sQaOKKFTnyHM9EBm/f","action":"Initial GetUpdates", "result":""}
{"logTime": "0418/151238", "correlationVector":"KLn1sQaOKKFTnyHM9EBm/f.1","action":"SyncServerConnectionManagerRequest", "result":"SYNC_SERVER_OK", "context":{"environment":"48F630A6-CB1B-4CC7-86AF-0F6627234B58|106", "server":"SG2PEPF00000CA3"}}
{"logTime": "0418/151238", "correlationVector":"KLn1sQaOKKFTnyHM9EBm/f.2","action":"GetUpdates Response", "result":"SERVER_MORE_TO_DOWNLOAD"}
{"logTime": "0418/151238", "correlationVector":"yDrneDQ0L83oGvazByyaAL","action":"Initial GetUpdates", "result":""}
{"logTime": "0418/151239", "correlationVector":"yDrneDQ0L83oGvazByyaAL.1","action":"SyncServerConnectionManagerRequest", "result":"SYNC_SERVER_OK", "context":{"environment":"48F630A6-CB1B-4CC7-86AF-0F6627234B58|106", "server":"SG2PEPF00000CA3"}}
{"logTime": "0418/151239", "correlationVector":"yDrneDQ0L83oGvazByyaAL.2","action":"GetUpdates Response", "result":"SERVER_MORE_TO_DOWNLOAD"}
{"logTime": "0418/151239", "correlationVector":"b/qg6hkpeIfOG/Tj4Z6P7e","action":"Initial GetUpdates", "result":""}
{"logTime": "0418/151239", "correlationVector":"b/qg6hkpeIfOG/Tj4Z6P7e.1","action":"SyncServerConnectionManagerRequest", "result":"SYNC_SERVER_OK", "context":{"environment":"48F630A6-CB1B-4CC7-86AF-0F6627234B58|106", "server":"SG2PEPF00000CA3"}}
{"logTime": "0418/151239", "correlationVector":"b/qg6hkpeIfOG/Tj4Z6P7e.2","action":"GetUpdates Response", "result":"SERVER_MORE_TO_DOWNLOAD"}
{"logTime": "0418/151239", "correlationVector":"SmP12q6U/L8fRcizE1xCXJ","action":"Initial GetUpdates", "result":""}
{"logTime": "0418/151240", "correlationVector":"SmP12q6U/L8fRcizE1xCXJ.1","action":"SyncServerConnectionManagerRequest", "result":"SYNC_SERVER_OK", "context":{"environment":"48F630A6-CB1B-4CC7-86AF-0F6627234B58|106", "server":"SG2PEPF00000CA3"}}
{"logTime": "0418/151240", "correlationVector":"SmP12q6U/L8fRcizE1xCXJ.2","action":"GetUpdates Response", "result":"SYNCER_OK"}
{"logTime": "0418/151240", "correlationVector":"8qCrzZ1tUpTfIDzO9PsaqO","action":"Normal GetUpdate request", "result":""}
{"logTime": "0418/151240", "correlationVector":"8qCrzZ1tUpTfIDzO9PsaqO.1","action":"SyncServerConnectionManagerRequest", "result":"SYNC_SERVER_OK", "context":{"environment":"48F630A6-CB1B-4CC7-86AF-0F6627234B58|106", "server":"SG2PEPF00000CA3"}}
{"logTime": "0418/151240", "correlationVector":"8qCrzZ1tUpTfIDzO9PsaqO.2","action":"GetUpdates Response", "result":"SYNCER_OK"}
{"logTime": "0418/151240", "correlationVector":"VE4568JwwJCHaDXKtsZwYL","action":"Commit Request", "result":""}
{"logTime": "0418/151241", "correlationVector":"VE4568JwwJCHaDXKtsZwYL.1","action":"SyncServerConnectionManagerRequest", "result":"SYNC_SERVER_OK", "context":{"environment":"48F630A6-CB1B-4CC7-86AF-0F6627234B58|106", "server":"SG2PEPF00000CA3"}}
{"logTime": "0418/151241", "correlationVector":"VE4568JwwJCHaDXKtsZwYL.2","action":"Commit Response", "result":"SYNCER_OK"}
{"logTime": "0418/151241", "correlationVector":"MhtpgmtpT66zHoA6pfpy/m","action":"Commit Request", "result":""}
{"logTime": "0418/151247", "correlationVector":"MhtpgmtpT66zHoA6pfpy/m.1","action":"SyncServerConnectionManagerRequest", "result":"SYNC_SERVER_OK", "context":{"environment":"48F630A6-CB1B-4CC7-86AF-0F6627234B58|106", "server":"SG2PEPF00000CA3"}}
{"logTime": "0418/151247", "correlationVector":"MhtpgmtpT66zHoA6pfpy/m.2","action":"Commit Response", "result":"SYNCER_OK"}
{"logTime": "0418/151247", "correlationVector":"E5zTa9P+lyAP5xSEBExc2u","action":"Commit Request", "result":""}
{"logTime": "0418/151253", "correlationVector":"E5zTa9P+lyAP5xSEBExc2u.1","action":"SyncServerConnectionManagerRequest", "result":"SYNC_SERVER_OK", "context":{"environment":"48F630A6-CB1B-4CC7-86AF-0F6627234B58|106", "server":"SG2PEPF00000CA3"}}
{"logTime": "0418/151253", "correlationVector":"E5zTa9P+lyAP5xSEBExc2u.2","action":"Commit Response", "result":"SYNCER_OK"}
